#
# There is insufficient memory for the Java Runtime Environment to continue.
# Native memory allocation (malloc) failed to allocate 852016 bytes for Chunk::new
# Possible reasons:
#   The system is out of physical RAM or swap space
#   The process is running with CompressedOops enabled, and the Java Heap may be blocking the growth of the native heap
# Possible solutions:
#   Reduce memory load on the system
#   Increase physical memory or swap space
#   Check if swap backing store is full
#   Decrease Java heap size (-Xmx/-Xms)
#   Decrease number of Java threads
#   Decrease Java thread stack sizes (-Xss)
#   Set larger code cache with -XX:ReservedCodeCacheSize=
#   JVM is running with Zero Based Compressed Oops mode in which the Java heap is
#     placed in the first 32GB address space. The Java Heap base address is the
#     maximum limit for the native heap growth. Please use -XX:HeapBaseMinAddress
#     to set the Java Heap base and to place the Java Heap above 32GB virtual address.
# This output file may be truncated or incomplete.
#
#  Out of Memory Error (./src/hotspot/share/memory/arena.cpp:197), pid=20832, tid=6520
#
# JRE version: OpenJDK Runtime Environment Temurin-11.0.14.1+1 (11.0.14.1+1) (build 11.0.14.1+1)
# Java VM: OpenJDK 64-Bit Server VM Temurin-11.0.14.1+1 (11.0.14.1+1, mixed mode, tiered, compressed oops, g1 gc, windows-amd64)
# No core dump will be written. Minidumps are not enabled by default on client versions of Windows
#

---------------  S U M M A R Y ------------

Command Line: -Dcom.android.sdklib.toolsdir=C:\Program Files\Unity\Hub\Editor\2021.3.45f1\Editor\Data\PlaybackEngines\AndroidPlayer\SDK\cmdline-tools\6.0\bin\\.. com.android.sdklib.tool.sdkmanager.SdkManagerCli --list

Host: Intel(R) Core(TM) i7-8750H CPU @ 2.20GHz, 12 cores, 23G,  Windows 11 , 64 bit Build 22621 (10.0.22621.4974)
Time: Fri Mar 28 00:10:25 2025 Hora est. Pacífico, Sudamérica elapsed time: 7.722961 seconds (0d 0h 0m 7s)

---------------  T H R E A D  ---------------

Current thread (0x0000022b32a62000):  JavaThread "C2 CompilerThread2" daemon [_thread_in_native, id=6520, stack(0x000000ecc9700000,0x000000ecc9800000)]


Current CompileTask:
C2:   7723 2324       4       sun.security.util.AbstractAlgorithmConstraints::checkAlgorithm (87 bytes)

Stack: [0x000000ecc9700000,0x000000ecc9800000]
Native frames: (J=compiled Java code, j=interpreted, Vv=VM code, C=native code)
V  [jvm.dll+0x61e59a]
V  [jvm.dll+0x7aaca9]
V  [jvm.dll+0x7ac398]
V  [jvm.dll+0x7aca73]
V  [jvm.dll+0x24f9b8]
V  [jvm.dll+0xc260c]
V  [jvm.dll+0xc2bcc]
V  [jvm.dll+0x359a07]
V  [jvm.dll+0x325b93]
V  [jvm.dll+0x324eca]
V  [jvm.dll+0x208c05]
V  [jvm.dll+0x207ded]
V  [jvm.dll+0x18a2c1]
V  [jvm.dll+0x217734]
V  [jvm.dll+0x21597b]
V  [jvm.dll+0x76d7c0]
V  [jvm.dll+0x766724]
V  [jvm.dll+0x61d3f6]
C  [ucrtbase.dll+0x29333]
C  [KERNEL32.DLL+0x1259d]
C  [ntdll.dll+0x5af38]


---------------  P R O C E S S  ---------------

Threads class SMR info:
_java_thread_list=0x0000022b32953690, length=13, elements={
0x0000022b07ae0000, 0x0000022b311a0800, 0x0000022b311a9800, 0x0000022b31214000,
0x0000022b31216000, 0x0000022b31219000, 0x0000022b311c9000, 0x0000022b311cd000,
0x0000022b3122d800, 0x0000022b31388000, 0x0000022b32472000, 0x0000022b319cf800,
0x0000022b32a62000
}

Java Threads: ( => current thread )
  0x0000022b07ae0000 JavaThread "main" [_thread_in_Java, id=4368, stack(0x000000ecc7a00000,0x000000ecc7b00000)]
  0x0000022b311a0800 JavaThread "Reference Handler" daemon [_thread_blocked, id=22424, stack(0x000000ecc8100000,0x000000ecc8200000)]
  0x0000022b311a9800 JavaThread "Finalizer" daemon [_thread_blocked, id=20868, stack(0x000000ecc8200000,0x000000ecc8300000)]
  0x0000022b31214000 JavaThread "Signal Dispatcher" daemon [_thread_blocked, id=3444, stack(0x000000ecc8300000,0x000000ecc8400000)]
  0x0000022b31216000 JavaThread "Attach Listener" daemon [_thread_blocked, id=5872, stack(0x000000ecc8400000,0x000000ecc8500000)]
  0x0000022b31219000 JavaThread "Service Thread" daemon [_thread_blocked, id=12328, stack(0x000000ecc8500000,0x000000ecc8600000)]
  0x0000022b311c9000 JavaThread "C2 CompilerThread0" daemon [_thread_in_native, id=21808, stack(0x000000ecc8600000,0x000000ecc8700000)]
  0x0000022b311cd000 JavaThread "C1 CompilerThread0" daemon [_thread_blocked, id=16620, stack(0x000000ecc8700000,0x000000ecc8800000)]
  0x0000022b3122d800 JavaThread "Sweeper thread" daemon [_thread_blocked, id=21436, stack(0x000000ecc8800000,0x000000ecc8900000)]
  0x0000022b31388000 JavaThread "Common-Cleaner" daemon [_thread_blocked, id=20088, stack(0x000000ecc8a00000,0x000000ecc8b00000)]
  0x0000022b32472000 JavaThread "C2 CompilerThread1" daemon [_thread_in_native, id=15956, stack(0x000000ecc9300000,0x000000ecc9400000)]
  0x0000022b319cf800 JavaThread "Keep-Alive-Timer" daemon [_thread_blocked, id=21816, stack(0x000000ecc9800000,0x000000ecc9900000)]
=>0x0000022b32a62000 JavaThread "C2 CompilerThread2" daemon [_thread_in_native, id=6520, stack(0x000000ecc9700000,0x000000ecc9800000)]

Other Threads:
  0x0000022b3119e000 VMThread "VM Thread" [stack: 0x000000ecc8000000,0x000000ecc8100000] [id=14056]
  0x0000022b3137f800 WatcherThread [stack: 0x000000ecc8900000,0x000000ecc8a00000] [id=9488]
  0x0000022b07af7800 GCTaskThread "GC Thread#0" [stack: 0x000000ecc7b00000,0x000000ecc7c00000] [id=20592]
  0x0000022b3243e800 GCTaskThread "GC Thread#1" [stack: 0x000000ecc8b00000,0x000000ecc8c00000] [id=18344]
  0x0000022b3243f000 GCTaskThread "GC Thread#2" [stack: 0x000000ecc8c00000,0x000000ecc8d00000] [id=15044]
  0x0000022b32440000 GCTaskThread "GC Thread#3" [stack: 0x000000ecc8d00000,0x000000ecc8e00000] [id=15772]
  0x0000022b32440800 GCTaskThread "GC Thread#4" [stack: 0x000000ecc8e00000,0x000000ecc8f00000] [id=17848]
  0x0000022b32441000 GCTaskThread "GC Thread#5" [stack: 0x000000ecc8f00000,0x000000ecc9000000] [id=22048]
  0x0000022b31b72800 GCTaskThread "GC Thread#6" [stack: 0x000000ecc9000000,0x000000ecc9100000] [id=7420]
  0x0000022b31b73000 GCTaskThread "GC Thread#7" [stack: 0x000000ecc9100000,0x000000ecc9200000] [id=19240]
  0x0000022b31b74000 GCTaskThread "GC Thread#8" [stack: 0x000000ecc9200000,0x000000ecc9300000] [id=21120]
  0x0000022b32ce9800 GCTaskThread "GC Thread#9" [stack: 0x000000ecca300000,0x000000ecca400000] [id=23144]
  0x0000022b07b82800 ConcurrentGCThread "G1 Main Marker" [stack: 0x000000ecc7c00000,0x000000ecc7d00000] [id=16312]
  0x0000022b07b84800 ConcurrentGCThread "G1 Conc#0" [stack: 0x000000ecc7d00000,0x000000ecc7e00000] [id=9748]
  0x0000022b32424000 ConcurrentGCThread "G1 Conc#1" [stack: 0x000000ecc9500000,0x000000ecc9600000] [id=16556]
  0x0000022b31b79000 ConcurrentGCThread "G1 Conc#2" [stack: 0x000000ecc9600000,0x000000ecc9700000] [id=10012]
  0x0000022b306d1800 ConcurrentGCThread "G1 Refine#0" [stack: 0x000000ecc7e00000,0x000000ecc7f00000] [id=17976]
  0x0000022b3246e000 ConcurrentGCThread "G1 Refine#1" [stack: 0x000000ecc9400000,0x000000ecc9500000] [id=19868]
  0x0000022b306d2800 ConcurrentGCThread "G1 Young RemSet Sampling" [stack: 0x000000ecc7f00000,0x000000ecc8000000] [id=18476]

Threads with active compile tasks:
C2 CompilerThread0   7771 2647 %     4       java.util.regex.Matcher::replaceAll @ 22 (59 bytes)
C2 CompilerThread1   7771 2651 %     4       java.lang.StringUTF16::compress @ 10 (59 bytes)
C2 CompilerThread2   7771 2324       4       sun.security.util.AbstractAlgorithmConstraints::checkAlgorithm (87 bytes)

VM state:not at safepoint (normal execution)

VM Mutex/Monitor currently owned by a thread: None

Heap address: 0x0000000682400000, size: 6108 MB, Compressed Oops mode: Zero based, Oop shift amount: 3
Narrow klass base: 0x0000000800000000, Narrow klass shift: 0
Compressed class space size: 1073741824 Address: 0x0000000800000000

Heap:
 garbage-first heap   total 391168K, used 51987K [0x0000000682400000, 0x0000000800000000)
  region size 1024K, 47 young (48128K), 3 survivors (3072K)
 Metaspace       used 24682K, capacity 25075K, committed 25212K, reserved 1071104K
  class space    used 2523K, capacity 2667K, committed 2764K, reserved 1048576K
Heap Regions: E=young(eden), S=young(survivor), O=old, HS=humongous(starts), HC=humongous(continues), CS=collection set, F=free, A=archive, TAMS=top-at-mark-start (previous, next)
|   0|0x0000000682400000, 0x0000000682500000, 0x0000000682500000|100%| O|  |TAMS 0x0000000682400000, 0x0000000682400000| Untracked 
|   1|0x0000000682500000, 0x0000000682600000, 0x0000000682600000|100%| O|  |TAMS 0x0000000682600000, 0x0000000682500000| Untracked 
|   2|0x0000000682600000, 0x0000000682700000, 0x0000000682700000|100%| O|  |TAMS 0x000000068264a800, 0x0000000682600000| Untracked 
|   3|0x0000000682700000, 0x0000000682800000, 0x0000000682800000|100%| O|  |TAMS 0x0000000682700000, 0x0000000682700000| Untracked 
|   4|0x0000000682800000, 0x0000000682900000, 0x0000000682900000|100%| O|  |TAMS 0x0000000682800000, 0x0000000682800000| Untracked 
|   5|0x0000000682900000, 0x0000000682a00000, 0x0000000682a00000|100%| O|  |TAMS 0x0000000682900000, 0x0000000682900000| Untracked 
|   6|0x0000000682a00000, 0x0000000682a0ca00, 0x0000000682b00000|  4%| O|  |TAMS 0x0000000682a00000, 0x0000000682a00000| Untracked 
|   7|0x0000000682b00000, 0x0000000682b00000, 0x0000000682c00000|  0%| F|  |TAMS 0x0000000682b00000, 0x0000000682b00000| Untracked 
|   8|0x0000000682c00000, 0x0000000682c00000, 0x0000000682d00000|  0%| F|  |TAMS 0x0000000682c00000, 0x0000000682c00000| Untracked 
|   9|0x0000000682d00000, 0x0000000682d00000, 0x0000000682e00000|  0%| F|  |TAMS 0x0000000682d00000, 0x0000000682d00000| Untracked 
|  10|0x0000000682e00000, 0x0000000682e00000, 0x0000000682f00000|  0%| F|  |TAMS 0x0000000682e00000, 0x0000000682e00000| Untracked 
|  11|0x0000000682f00000, 0x0000000682f00000, 0x0000000683000000|  0%| F|  |TAMS 0x0000000682f00000, 0x0000000682f00000| Untracked 
|  12|0x0000000683000000, 0x0000000683000000, 0x0000000683100000|  0%| F|  |TAMS 0x0000000683000000, 0x0000000683000000| Untracked 
|  13|0x0000000683100000, 0x0000000683100000, 0x0000000683200000|  0%| F|  |TAMS 0x0000000683100000, 0x0000000683100000| Untracked 
|  14|0x0000000683200000, 0x0000000683200000, 0x0000000683300000|  0%| F|  |TAMS 0x0000000683200000, 0x0000000683200000| Untracked 
|  15|0x0000000683300000, 0x0000000683300000, 0x0000000683400000|  0%| F|  |TAMS 0x0000000683300000, 0x0000000683300000| Untracked 
|  16|0x0000000683400000, 0x0000000683400000, 0x0000000683500000|  0%| F|  |TAMS 0x0000000683400000, 0x0000000683400000| Untracked 
|  17|0x0000000683500000, 0x0000000683500000, 0x0000000683600000|  0%| F|  |TAMS 0x0000000683500000, 0x0000000683500000| Untracked 
|  18|0x0000000683600000, 0x0000000683600000, 0x0000000683700000|  0%| F|  |TAMS 0x0000000683600000, 0x0000000683600000| Untracked 
|  19|0x0000000683700000, 0x0000000683700000, 0x0000000683800000|  0%| F|  |TAMS 0x0000000683700000, 0x0000000683700000| Untracked 
|  20|0x0000000683800000, 0x0000000683800000, 0x0000000683900000|  0%| F|  |TAMS 0x0000000683800000, 0x0000000683800000| Untracked 
|  21|0x0000000683900000, 0x0000000683900000, 0x0000000683a00000|  0%| F|  |TAMS 0x0000000683900000, 0x0000000683900000| Untracked 
|  22|0x0000000683a00000, 0x0000000683a00000, 0x0000000683b00000|  0%| F|  |TAMS 0x0000000683a00000, 0x0000000683a00000| Untracked 
|  23|0x0000000683b00000, 0x0000000683b00000, 0x0000000683c00000|  0%| F|  |TAMS 0x0000000683b00000, 0x0000000683b00000| Untracked 
|  24|0x0000000683c00000, 0x0000000683c00000, 0x0000000683d00000|  0%| F|  |TAMS 0x0000000683c00000, 0x0000000683c00000| Untracked 
|  25|0x0000000683d00000, 0x0000000683d00000, 0x0000000683e00000|  0%| F|  |TAMS 0x0000000683d00000, 0x0000000683d00000| Untracked 
|  26|0x0000000683e00000, 0x0000000683e00000, 0x0000000683f00000|  0%| F|  |TAMS 0x0000000683e00000, 0x0000000683e00000| Untracked 
|  27|0x0000000683f00000, 0x0000000683f00000, 0x0000000684000000|  0%| F|  |TAMS 0x0000000683f00000, 0x0000000683f00000| Untracked 
|  28|0x0000000684000000, 0x0000000684000000, 0x0000000684100000|  0%| F|  |TAMS 0x0000000684000000, 0x0000000684000000| Untracked 
|  29|0x0000000684100000, 0x0000000684100000, 0x0000000684200000|  0%| F|  |TAMS 0x0000000684100000, 0x0000000684100000| Untracked 
|  30|0x0000000684200000, 0x0000000684200000, 0x0000000684300000|  0%| F|  |TAMS 0x0000000684200000, 0x0000000684200000| Untracked 
|  31|0x0000000684300000, 0x0000000684300000, 0x0000000684400000|  0%| F|  |TAMS 0x0000000684300000, 0x0000000684300000| Untracked 
|  32|0x0000000684400000, 0x0000000684400000, 0x0000000684500000|  0%| F|  |TAMS 0x0000000684400000, 0x0000000684400000| Untracked 
|  33|0x0000000684500000, 0x0000000684500000, 0x0000000684600000|  0%| F|  |TAMS 0x0000000684500000, 0x0000000684500000| Untracked 
|  34|0x0000000684600000, 0x0000000684600000, 0x0000000684700000|  0%| F|  |TAMS 0x0000000684600000, 0x0000000684600000| Untracked 
|  35|0x0000000684700000, 0x0000000684700000, 0x0000000684800000|  0%| F|  |TAMS 0x0000000684700000, 0x0000000684700000| Untracked 
|  36|0x0000000684800000, 0x0000000684800000, 0x0000000684900000|  0%| F|  |TAMS 0x0000000684800000, 0x0000000684800000| Untracked 
|  37|0x0000000684900000, 0x0000000684900000, 0x0000000684a00000|  0%| F|  |TAMS 0x0000000684900000, 0x0000000684900000| Untracked 
|  38|0x0000000684a00000, 0x0000000684a00000, 0x0000000684b00000|  0%| F|  |TAMS 0x0000000684a00000, 0x0000000684a00000| Untracked 
|  39|0x0000000684b00000, 0x0000000684b00000, 0x0000000684c00000|  0%| F|  |TAMS 0x0000000684b00000, 0x0000000684b00000| Untracked 
|  40|0x0000000684c00000, 0x0000000684c00000, 0x0000000684d00000|  0%| F|  |TAMS 0x0000000684c00000, 0x0000000684c00000| Untracked 
|  41|0x0000000684d00000, 0x0000000684d00000, 0x0000000684e00000|  0%| F|  |TAMS 0x0000000684d00000, 0x0000000684d00000| Untracked 
|  42|0x0000000684e00000, 0x0000000684e00000, 0x0000000684f00000|  0%| F|  |TAMS 0x0000000684e00000, 0x0000000684e00000| Untracked 
|  43|0x0000000684f00000, 0x0000000684f00000, 0x0000000685000000|  0%| F|  |TAMS 0x0000000684f00000, 0x0000000684f00000| Untracked 
|  44|0x0000000685000000, 0x0000000685000000, 0x0000000685100000|  0%| F|  |TAMS 0x0000000685000000, 0x0000000685000000| Untracked 
|  45|0x0000000685100000, 0x0000000685100000, 0x0000000685200000|  0%| F|  |TAMS 0x0000000685100000, 0x0000000685100000| Untracked 
|  46|0x0000000685200000, 0x0000000685200000, 0x0000000685300000|  0%| F|  |TAMS 0x0000000685200000, 0x0000000685200000| Untracked 
|  47|0x0000000685300000, 0x0000000685300000, 0x0000000685400000|  0%| F|  |TAMS 0x0000000685300000, 0x0000000685300000| Untracked 
|  48|0x0000000685400000, 0x0000000685400000, 0x0000000685500000|  0%| F|  |TAMS 0x0000000685400000, 0x0000000685400000| Untracked 
|  49|0x0000000685500000, 0x0000000685500000, 0x0000000685600000|  0%| F|  |TAMS 0x0000000685500000, 0x0000000685500000| Untracked 
|  50|0x0000000685600000, 0x0000000685600000, 0x0000000685700000|  0%| F|  |TAMS 0x0000000685600000, 0x0000000685600000| Untracked 
|  51|0x0000000685700000, 0x0000000685700000, 0x0000000685800000|  0%| F|  |TAMS 0x0000000685700000, 0x0000000685700000| Untracked 
|  52|0x0000000685800000, 0x0000000685800000, 0x0000000685900000|  0%| F|  |TAMS 0x0000000685800000, 0x0000000685800000| Untracked 
|  53|0x0000000685900000, 0x0000000685900000, 0x0000000685a00000|  0%| F|  |TAMS 0x0000000685900000, 0x0000000685900000| Untracked 
|  54|0x0000000685a00000, 0x0000000685a00000, 0x0000000685b00000|  0%| F|  |TAMS 0x0000000685a00000, 0x0000000685a00000| Untracked 
|  55|0x0000000685b00000, 0x0000000685b00000, 0x0000000685c00000|  0%| F|  |TAMS 0x0000000685b00000, 0x0000000685b00000| Untracked 
|  56|0x0000000685c00000, 0x0000000685c00000, 0x0000000685d00000|  0%| F|  |TAMS 0x0000000685c00000, 0x0000000685c00000| Untracked 
|  57|0x0000000685d00000, 0x0000000685d00000, 0x0000000685e00000|  0%| F|  |TAMS 0x0000000685d00000, 0x0000000685d00000| Untracked 
|  58|0x0000000685e00000, 0x0000000685e00000, 0x0000000685f00000|  0%| F|  |TAMS 0x0000000685e00000, 0x0000000685e00000| Untracked 
|  59|0x0000000685f00000, 0x0000000685f00000, 0x0000000686000000|  0%| F|  |TAMS 0x0000000685f00000, 0x0000000685f00000| Untracked 
|  60|0x0000000686000000, 0x0000000686000000, 0x0000000686100000|  0%| F|  |TAMS 0x0000000686000000, 0x0000000686000000| Untracked 
|  61|0x0000000686100000, 0x0000000686100000, 0x0000000686200000|  0%| F|  |TAMS 0x0000000686100000, 0x0000000686100000| Untracked 
|  62|0x0000000686200000, 0x0000000686200000, 0x0000000686300000|  0%| F|  |TAMS 0x0000000686200000, 0x0000000686200000| Untracked 
|  63|0x0000000686300000, 0x0000000686300000, 0x0000000686400000|  0%| F|  |TAMS 0x0000000686300000, 0x0000000686300000| Untracked 
|  64|0x0000000686400000, 0x0000000686400000, 0x0000000686500000|  0%| F|  |TAMS 0x0000000686400000, 0x0000000686400000| Untracked 
|  65|0x0000000686500000, 0x0000000686500000, 0x0000000686600000|  0%| F|  |TAMS 0x0000000686500000, 0x0000000686500000| Untracked 
|  66|0x0000000686600000, 0x0000000686600000, 0x0000000686700000|  0%| F|  |TAMS 0x0000000686600000, 0x0000000686600000| Untracked 
|  67|0x0000000686700000, 0x0000000686700000, 0x0000000686800000|  0%| F|  |TAMS 0x0000000686700000, 0x0000000686700000| Untracked 
|  68|0x0000000686800000, 0x0000000686800000, 0x0000000686900000|  0%| F|  |TAMS 0x0000000686800000, 0x0000000686800000| Untracked 
|  69|0x0000000686900000, 0x0000000686900000, 0x0000000686a00000|  0%| F|  |TAMS 0x0000000686900000, 0x0000000686900000| Untracked 
|  70|0x0000000686a00000, 0x0000000686a00000, 0x0000000686b00000|  0%| F|  |TAMS 0x0000000686a00000, 0x0000000686a00000| Untracked 
|  71|0x0000000686b00000, 0x0000000686b00000, 0x0000000686c00000|  0%| F|  |TAMS 0x0000000686b00000, 0x0000000686b00000| Untracked 
|  72|0x0000000686c00000, 0x0000000686c00000, 0x0000000686d00000|  0%| F|  |TAMS 0x0000000686c00000, 0x0000000686c00000| Untracked 
|  73|0x0000000686d00000, 0x0000000686d00000, 0x0000000686e00000|  0%| F|  |TAMS 0x0000000686d00000, 0x0000000686d00000| Untracked 
|  74|0x0000000686e00000, 0x0000000686e00000, 0x0000000686f00000|  0%| F|  |TAMS 0x0000000686e00000, 0x0000000686e00000| Untracked 
|  75|0x0000000686f00000, 0x0000000686f00000, 0x0000000687000000|  0%| F|  |TAMS 0x0000000686f00000, 0x0000000686f00000| Untracked 
|  76|0x0000000687000000, 0x0000000687000000, 0x0000000687100000|  0%| F|  |TAMS 0x0000000687000000, 0x0000000687000000| Untracked 
|  77|0x0000000687100000, 0x0000000687100000, 0x0000000687200000|  0%| F|  |TAMS 0x0000000687100000, 0x0000000687100000| Untracked 
|  78|0x0000000687200000, 0x0000000687200000, 0x0000000687300000|  0%| F|  |TAMS 0x0000000687200000, 0x0000000687200000| Untracked 
|  79|0x0000000687300000, 0x0000000687300000, 0x0000000687400000|  0%| F|  |TAMS 0x0000000687300000, 0x0000000687300000| Untracked 
|  80|0x0000000687400000, 0x0000000687400000, 0x0000000687500000|  0%| F|  |TAMS 0x0000000687400000, 0x0000000687400000| Untracked 
|  81|0x0000000687500000, 0x0000000687500000, 0x0000000687600000|  0%| F|  |TAMS 0x0000000687500000, 0x0000000687500000| Untracked 
|  82|0x0000000687600000, 0x0000000687600000, 0x0000000687700000|  0%| F|  |TAMS 0x0000000687600000, 0x0000000687600000| Untracked 
|  83|0x0000000687700000, 0x0000000687700000, 0x0000000687800000|  0%| F|  |TAMS 0x0000000687700000, 0x0000000687700000| Untracked 
|  84|0x0000000687800000, 0x0000000687800000, 0x0000000687900000|  0%| F|  |TAMS 0x0000000687800000, 0x0000000687800000| Untracked 
|  85|0x0000000687900000, 0x0000000687900000, 0x0000000687a00000|  0%| F|  |TAMS 0x0000000687900000, 0x0000000687900000| Untracked 
|  86|0x0000000687a00000, 0x0000000687a00000, 0x0000000687b00000|  0%| F|  |TAMS 0x0000000687a00000, 0x0000000687a00000| Untracked 
|  87|0x0000000687b00000, 0x0000000687b00000, 0x0000000687c00000|  0%| F|  |TAMS 0x0000000687b00000, 0x0000000687b00000| Untracked 
|  88|0x0000000687c00000, 0x0000000687c00000, 0x0000000687d00000|  0%| F|  |TAMS 0x0000000687c00000, 0x0000000687c00000| Untracked 
|  89|0x0000000687d00000, 0x0000000687d00000, 0x0000000687e00000|  0%| F|  |TAMS 0x0000000687d00000, 0x0000000687d00000| Untracked 
|  90|0x0000000687e00000, 0x0000000687e00000, 0x0000000687f00000|  0%| F|  |TAMS 0x0000000687e00000, 0x0000000687e00000| Untracked 
|  91|0x0000000687f00000, 0x0000000687f00000, 0x0000000688000000|  0%| F|  |TAMS 0x0000000687f00000, 0x0000000687f00000| Untracked 
|  92|0x0000000688000000, 0x0000000688000000, 0x0000000688100000|  0%| F|  |TAMS 0x0000000688000000, 0x0000000688000000| Untracked 
|  93|0x0000000688100000, 0x0000000688100000, 0x0000000688200000|  0%| F|  |TAMS 0x0000000688100000, 0x0000000688100000| Untracked 
|  94|0x0000000688200000, 0x0000000688200000, 0x0000000688300000|  0%| F|  |TAMS 0x0000000688200000, 0x0000000688200000| Untracked 
|  95|0x0000000688300000, 0x0000000688300000, 0x0000000688400000|  0%| F|  |TAMS 0x0000000688300000, 0x0000000688300000| Untracked 
|  96|0x0000000688400000, 0x0000000688400000, 0x0000000688500000|  0%| F|  |TAMS 0x0000000688400000, 0x0000000688400000| Untracked 
|  97|0x0000000688500000, 0x0000000688500000, 0x0000000688600000|  0%| F|  |TAMS 0x0000000688500000, 0x0000000688500000| Untracked 
|  98|0x0000000688600000, 0x0000000688600000, 0x0000000688700000|  0%| F|  |TAMS 0x0000000688600000, 0x0000000688600000| Untracked 
|  99|0x0000000688700000, 0x0000000688700000, 0x0000000688800000|  0%| F|  |TAMS 0x0000000688700000, 0x0000000688700000| Untracked 
| 100|0x0000000688800000, 0x0000000688800000, 0x0000000688900000|  0%| F|  |TAMS 0x0000000688800000, 0x0000000688800000| Untracked 
| 101|0x0000000688900000, 0x0000000688900000, 0x0000000688a00000|  0%| F|  |TAMS 0x0000000688900000, 0x0000000688900000| Untracked 
| 102|0x0000000688a00000, 0x0000000688a00000, 0x0000000688b00000|  0%| F|  |TAMS 0x0000000688a00000, 0x0000000688a00000| Untracked 
| 103|0x0000000688b00000, 0x0000000688b00000, 0x0000000688c00000|  0%| F|  |TAMS 0x0000000688b00000, 0x0000000688b00000| Untracked 
| 104|0x0000000688c00000, 0x0000000688c00000, 0x0000000688d00000|  0%| F|  |TAMS 0x0000000688c00000, 0x0000000688c00000| Untracked 
| 105|0x0000000688d00000, 0x0000000688d00000, 0x0000000688e00000|  0%| F|  |TAMS 0x0000000688d00000, 0x0000000688d00000| Untracked 
| 106|0x0000000688e00000, 0x0000000688e00000, 0x0000000688f00000|  0%| F|  |TAMS 0x0000000688e00000, 0x0000000688e00000| Untracked 
| 107|0x0000000688f00000, 0x0000000688f00000, 0x0000000689000000|  0%| F|  |TAMS 0x0000000688f00000, 0x0000000688f00000| Untracked 
| 108|0x0000000689000000, 0x0000000689000000, 0x0000000689100000|  0%| F|  |TAMS 0x0000000689000000, 0x0000000689000000| Untracked 
| 109|0x0000000689100000, 0x0000000689100000, 0x0000000689200000|  0%| F|  |TAMS 0x0000000689100000, 0x0000000689100000| Untracked 
| 110|0x0000000689200000, 0x0000000689200000, 0x0000000689300000|  0%| F|  |TAMS 0x0000000689200000, 0x0000000689200000| Untracked 
| 111|0x0000000689300000, 0x0000000689300000, 0x0000000689400000|  0%| F|  |TAMS 0x0000000689300000, 0x0000000689300000| Untracked 
| 112|0x0000000689400000, 0x0000000689400000, 0x0000000689500000|  0%| F|  |TAMS 0x0000000689400000, 0x0000000689400000| Untracked 
| 113|0x0000000689500000, 0x0000000689500000, 0x0000000689600000|  0%| F|  |TAMS 0x0000000689500000, 0x0000000689500000| Untracked 
| 114|0x0000000689600000, 0x0000000689600000, 0x0000000689700000|  0%| F|  |TAMS 0x0000000689600000, 0x0000000689600000| Untracked 
| 115|0x0000000689700000, 0x0000000689700000, 0x0000000689800000|  0%| F|  |TAMS 0x0000000689700000, 0x0000000689700000| Untracked 
| 116|0x0000000689800000, 0x0000000689800000, 0x0000000689900000|  0%| F|  |TAMS 0x0000000689800000, 0x0000000689800000| Untracked 
| 117|0x0000000689900000, 0x0000000689900000, 0x0000000689a00000|  0%| F|  |TAMS 0x0000000689900000, 0x0000000689900000| Untracked 
| 118|0x0000000689a00000, 0x0000000689a00000, 0x0000000689b00000|  0%| F|  |TAMS 0x0000000689a00000, 0x0000000689a00000| Untracked 
| 119|0x0000000689b00000, 0x0000000689b00000, 0x0000000689c00000|  0%| F|  |TAMS 0x0000000689b00000, 0x0000000689b00000| Untracked 
| 120|0x0000000689c00000, 0x0000000689c00000, 0x0000000689d00000|  0%| F|  |TAMS 0x0000000689c00000, 0x0000000689c00000| Untracked 
| 121|0x0000000689d00000, 0x0000000689d00000, 0x0000000689e00000|  0%| F|  |TAMS 0x0000000689d00000, 0x0000000689d00000| Untracked 
| 122|0x0000000689e00000, 0x0000000689e00000, 0x0000000689f00000|  0%| F|  |TAMS 0x0000000689e00000, 0x0000000689e00000| Untracked 
| 123|0x0000000689f00000, 0x0000000689f00000, 0x000000068a000000|  0%| F|  |TAMS 0x0000000689f00000, 0x0000000689f00000| Untracked 
| 124|0x000000068a000000, 0x000000068a000000, 0x000000068a100000|  0%| F|  |TAMS 0x000000068a000000, 0x000000068a000000| Untracked 
| 125|0x000000068a100000, 0x000000068a100000, 0x000000068a200000|  0%| F|  |TAMS 0x000000068a100000, 0x000000068a100000| Untracked 
| 126|0x000000068a200000, 0x000000068a200000, 0x000000068a300000|  0%| F|  |TAMS 0x000000068a200000, 0x000000068a200000| Untracked 
| 127|0x000000068a300000, 0x000000068a300000, 0x000000068a400000|  0%| F|  |TAMS 0x000000068a300000, 0x000000068a300000| Untracked 
| 128|0x000000068a400000, 0x000000068a400000, 0x000000068a500000|  0%| F|  |TAMS 0x000000068a400000, 0x000000068a400000| Untracked 
| 129|0x000000068a500000, 0x000000068a500000, 0x000000068a600000|  0%| F|  |TAMS 0x000000068a500000, 0x000000068a500000| Untracked 
| 130|0x000000068a600000, 0x000000068a600000, 0x000000068a700000|  0%| F|  |TAMS 0x000000068a600000, 0x000000068a600000| Untracked 
| 131|0x000000068a700000, 0x000000068a700000, 0x000000068a800000|  0%| F|  |TAMS 0x000000068a700000, 0x000000068a700000| Untracked 
| 132|0x000000068a800000, 0x000000068a800000, 0x000000068a900000|  0%| F|  |TAMS 0x000000068a800000, 0x000000068a800000| Untracked 
| 133|0x000000068a900000, 0x000000068a900000, 0x000000068aa00000|  0%| F|  |TAMS 0x000000068a900000, 0x000000068a900000| Untracked 
| 134|0x000000068aa00000, 0x000000068aa00000, 0x000000068ab00000|  0%| F|  |TAMS 0x000000068aa00000, 0x000000068aa00000| Untracked 
| 135|0x000000068ab00000, 0x000000068ab00000, 0x000000068ac00000|  0%| F|  |TAMS 0x000000068ab00000, 0x000000068ab00000| Untracked 
| 136|0x000000068ac00000, 0x000000068ac00000, 0x000000068ad00000|  0%| F|  |TAMS 0x000000068ac00000, 0x000000068ac00000| Untracked 
| 137|0x000000068ad00000, 0x000000068ad00000, 0x000000068ae00000|  0%| F|  |TAMS 0x000000068ad00000, 0x000000068ad00000| Untracked 
| 138|0x000000068ae00000, 0x000000068ae00000, 0x000000068af00000|  0%| F|  |TAMS 0x000000068ae00000, 0x000000068ae00000| Untracked 
| 139|0x000000068af00000, 0x000000068af00000, 0x000000068b000000|  0%| F|  |TAMS 0x000000068af00000, 0x000000068af00000| Untracked 
| 140|0x000000068b000000, 0x000000068b000000, 0x000000068b100000|  0%| F|  |TAMS 0x000000068b000000, 0x000000068b000000| Untracked 
| 141|0x000000068b100000, 0x000000068b100000, 0x000000068b200000|  0%| F|  |TAMS 0x000000068b100000, 0x000000068b100000| Untracked 
| 142|0x000000068b200000, 0x000000068b200000, 0x000000068b300000|  0%| F|  |TAMS 0x000000068b200000, 0x000000068b200000| Untracked 
| 143|0x000000068b300000, 0x000000068b300000, 0x000000068b400000|  0%| F|  |TAMS 0x000000068b300000, 0x000000068b300000| Untracked 
| 144|0x000000068b400000, 0x000000068b400000, 0x000000068b500000|  0%| F|  |TAMS 0x000000068b400000, 0x000000068b400000| Untracked 
| 145|0x000000068b500000, 0x000000068b500000, 0x000000068b600000|  0%| F|  |TAMS 0x000000068b500000, 0x000000068b500000| Untracked 
| 146|0x000000068b600000, 0x000000068b600000, 0x000000068b700000|  0%| F|  |TAMS 0x000000068b600000, 0x000000068b600000| Untracked 
| 147|0x000000068b700000, 0x000000068b700000, 0x000000068b800000|  0%| F|  |TAMS 0x000000068b700000, 0x000000068b700000| Untracked 
| 148|0x000000068b800000, 0x000000068b800000, 0x000000068b900000|  0%| F|  |TAMS 0x000000068b800000, 0x000000068b800000| Untracked 
| 149|0x000000068b900000, 0x000000068b900000, 0x000000068ba00000|  0%| F|  |TAMS 0x000000068b900000, 0x000000068b900000| Untracked 
| 150|0x000000068ba00000, 0x000000068ba00000, 0x000000068bb00000|  0%| F|  |TAMS 0x000000068ba00000, 0x000000068ba00000| Untracked 
| 151|0x000000068bb00000, 0x000000068bb00000, 0x000000068bc00000|  0%| F|  |TAMS 0x000000068bb00000, 0x000000068bb00000| Untracked 
| 152|0x000000068bc00000, 0x000000068bc00000, 0x000000068bd00000|  0%| F|  |TAMS 0x000000068bc00000, 0x000000068bc00000| Untracked 
| 153|0x000000068bd00000, 0x000000068bd00000, 0x000000068be00000|  0%| F|  |TAMS 0x000000068bd00000, 0x000000068bd00000| Untracked 
| 154|0x000000068be00000, 0x000000068be00000, 0x000000068bf00000|  0%| F|  |TAMS 0x000000068be00000, 0x000000068be00000| Untracked 
| 155|0x000000068bf00000, 0x000000068bf00000, 0x000000068c000000|  0%| F|  |TAMS 0x000000068bf00000, 0x000000068bf00000| Untracked 
| 156|0x000000068c000000, 0x000000068c000000, 0x000000068c100000|  0%| F|  |TAMS 0x000000068c000000, 0x000000068c000000| Untracked 
| 157|0x000000068c100000, 0x000000068c100000, 0x000000068c200000|  0%| F|  |TAMS 0x000000068c100000, 0x000000068c100000| Untracked 
| 158|0x000000068c200000, 0x000000068c200000, 0x000000068c300000|  0%| F|  |TAMS 0x000000068c200000, 0x000000068c200000| Untracked 
| 159|0x000000068c300000, 0x000000068c300000, 0x000000068c400000|  0%| F|  |TAMS 0x000000068c300000, 0x000000068c300000| Untracked 
| 160|0x000000068c400000, 0x000000068c400000, 0x000000068c500000|  0%| F|  |TAMS 0x000000068c400000, 0x000000068c400000| Untracked 
| 161|0x000000068c500000, 0x000000068c500000, 0x000000068c600000|  0%| F|  |TAMS 0x000000068c500000, 0x000000068c500000| Untracked 
| 162|0x000000068c600000, 0x000000068c600000, 0x000000068c700000|  0%| F|  |TAMS 0x000000068c600000, 0x000000068c600000| Untracked 
| 163|0x000000068c700000, 0x000000068c700000, 0x000000068c800000|  0%| F|  |TAMS 0x000000068c700000, 0x000000068c700000| Untracked 
| 164|0x000000068c800000, 0x000000068c800000, 0x000000068c900000|  0%| F|  |TAMS 0x000000068c800000, 0x000000068c800000| Untracked 
| 165|0x000000068c900000, 0x000000068c900000, 0x000000068ca00000|  0%| F|  |TAMS 0x000000068c900000, 0x000000068c900000| Untracked 
| 166|0x000000068ca00000, 0x000000068ca00000, 0x000000068cb00000|  0%| F|  |TAMS 0x000000068ca00000, 0x000000068ca00000| Untracked 
| 167|0x000000068cb00000, 0x000000068cb00000, 0x000000068cc00000|  0%| F|  |TAMS 0x000000068cb00000, 0x000000068cb00000| Untracked 
| 168|0x000000068cc00000, 0x000000068cc00000, 0x000000068cd00000|  0%| F|  |TAMS 0x000000068cc00000, 0x000000068cc00000| Untracked 
| 169|0x000000068cd00000, 0x000000068cd00000, 0x000000068ce00000|  0%| F|  |TAMS 0x000000068cd00000, 0x000000068cd00000| Untracked 
| 170|0x000000068ce00000, 0x000000068ce00000, 0x000000068cf00000|  0%| F|  |TAMS 0x000000068ce00000, 0x000000068ce00000| Untracked 
| 171|0x000000068cf00000, 0x000000068cf00000, 0x000000068d000000|  0%| F|  |TAMS 0x000000068cf00000, 0x000000068cf00000| Untracked 
| 172|0x000000068d000000, 0x000000068d000000, 0x000000068d100000|  0%| F|  |TAMS 0x000000068d000000, 0x000000068d000000| Untracked 
| 173|0x000000068d100000, 0x000000068d100000, 0x000000068d200000|  0%| F|  |TAMS 0x000000068d100000, 0x000000068d100000| Untracked 
| 174|0x000000068d200000, 0x000000068d200000, 0x000000068d300000|  0%| F|  |TAMS 0x000000068d200000, 0x000000068d200000| Untracked 
| 175|0x000000068d300000, 0x000000068d300000, 0x000000068d400000|  0%| F|  |TAMS 0x000000068d300000, 0x000000068d300000| Untracked 
| 176|0x000000068d400000, 0x000000068d400000, 0x000000068d500000|  0%| F|  |TAMS 0x000000068d400000, 0x000000068d400000| Untracked 
| 177|0x000000068d500000, 0x000000068d500000, 0x000000068d600000|  0%| F|  |TAMS 0x000000068d500000, 0x000000068d500000| Untracked 
| 178|0x000000068d600000, 0x000000068d600000, 0x000000068d700000|  0%| F|  |TAMS 0x000000068d600000, 0x000000068d600000| Untracked 
| 179|0x000000068d700000, 0x000000068d700000, 0x000000068d800000|  0%| F|  |TAMS 0x000000068d700000, 0x000000068d700000| Untracked 
| 180|0x000000068d800000, 0x000000068d800000, 0x000000068d900000|  0%| F|  |TAMS 0x000000068d800000, 0x000000068d800000| Untracked 
| 181|0x000000068d900000, 0x000000068d900000, 0x000000068da00000|  0%| F|  |TAMS 0x000000068d900000, 0x000000068d900000| Untracked 
| 182|0x000000068da00000, 0x000000068da00000, 0x000000068db00000|  0%| F|  |TAMS 0x000000068da00000, 0x000000068da00000| Untracked 
| 183|0x000000068db00000, 0x000000068db00000, 0x000000068dc00000|  0%| F|  |TAMS 0x000000068db00000, 0x000000068db00000| Untracked 
| 184|0x000000068dc00000, 0x000000068dc00000, 0x000000068dd00000|  0%| F|  |TAMS 0x000000068dc00000, 0x000000068dc00000| Untracked 
| 185|0x000000068dd00000, 0x000000068dd00000, 0x000000068de00000|  0%| F|  |TAMS 0x000000068dd00000, 0x000000068dd00000| Untracked 
| 186|0x000000068de00000, 0x000000068de00000, 0x000000068df00000|  0%| F|  |TAMS 0x000000068de00000, 0x000000068de00000| Untracked 
| 187|0x000000068df00000, 0x000000068df00000, 0x000000068e000000|  0%| F|  |TAMS 0x000000068df00000, 0x000000068df00000| Untracked 
| 188|0x000000068e000000, 0x000000068e000000, 0x000000068e100000|  0%| F|  |TAMS 0x000000068e000000, 0x000000068e000000| Untracked 
| 189|0x000000068e100000, 0x000000068e100000, 0x000000068e200000|  0%| F|  |TAMS 0x000000068e100000, 0x000000068e100000| Untracked 
| 190|0x000000068e200000, 0x000000068e200000, 0x000000068e300000|  0%| F|  |TAMS 0x000000068e200000, 0x000000068e200000| Untracked 
| 191|0x000000068e300000, 0x000000068e300000, 0x000000068e400000|  0%| F|  |TAMS 0x000000068e300000, 0x000000068e300000| Untracked 
| 192|0x000000068e400000, 0x000000068e400000, 0x000000068e500000|  0%| F|  |TAMS 0x000000068e400000, 0x000000068e400000| Untracked 
| 193|0x000000068e500000, 0x000000068e500000, 0x000000068e600000|  0%| F|  |TAMS 0x000000068e500000, 0x000000068e500000| Untracked 
| 194|0x000000068e600000, 0x000000068e600000, 0x000000068e700000|  0%| F|  |TAMS 0x000000068e600000, 0x000000068e600000| Untracked 
| 195|0x000000068e700000, 0x000000068e700000, 0x000000068e800000|  0%| F|  |TAMS 0x000000068e700000, 0x000000068e700000| Untracked 
| 196|0x000000068e800000, 0x000000068e800000, 0x000000068e900000|  0%| F|  |TAMS 0x000000068e800000, 0x000000068e800000| Untracked 
| 197|0x000000068e900000, 0x000000068e900000, 0x000000068ea00000|  0%| F|  |TAMS 0x000000068e900000, 0x000000068e900000| Untracked 
| 198|0x000000068ea00000, 0x000000068ea00000, 0x000000068eb00000|  0%| F|  |TAMS 0x000000068ea00000, 0x000000068ea00000| Untracked 
| 199|0x000000068eb00000, 0x000000068eb00000, 0x000000068ec00000|  0%| F|  |TAMS 0x000000068eb00000, 0x000000068eb00000| Untracked 
| 200|0x000000068ec00000, 0x000000068ec00000, 0x000000068ed00000|  0%| F|  |TAMS 0x000000068ec00000, 0x000000068ec00000| Untracked 
| 201|0x000000068ed00000, 0x000000068ed00000, 0x000000068ee00000|  0%| F|  |TAMS 0x000000068ed00000, 0x000000068ed00000| Untracked 
| 202|0x000000068ee00000, 0x000000068ee00000, 0x000000068ef00000|  0%| F|  |TAMS 0x000000068ee00000, 0x000000068ee00000| Untracked 
| 203|0x000000068ef00000, 0x000000068ef00000, 0x000000068f000000|  0%| F|  |TAMS 0x000000068ef00000, 0x000000068ef00000| Untracked 
| 204|0x000000068f000000, 0x000000068f000000, 0x000000068f100000|  0%| F|  |TAMS 0x000000068f000000, 0x000000068f000000| Untracked 
| 205|0x000000068f100000, 0x000000068f100000, 0x000000068f200000|  0%| F|  |TAMS 0x000000068f100000, 0x000000068f100000| Untracked 
| 206|0x000000068f200000, 0x000000068f200000, 0x000000068f300000|  0%| F|  |TAMS 0x000000068f200000, 0x000000068f200000| Untracked 
| 207|0x000000068f300000, 0x000000068f300000, 0x000000068f400000|  0%| F|  |TAMS 0x000000068f300000, 0x000000068f300000| Untracked 
| 208|0x000000068f400000, 0x000000068f400000, 0x000000068f500000|  0%| F|  |TAMS 0x000000068f400000, 0x000000068f400000| Untracked 
| 209|0x000000068f500000, 0x000000068f500000, 0x000000068f600000|  0%| F|  |TAMS 0x000000068f500000, 0x000000068f500000| Untracked 
| 210|0x000000068f600000, 0x000000068f600000, 0x000000068f700000|  0%| F|  |TAMS 0x000000068f600000, 0x000000068f600000| Untracked 
| 211|0x000000068f700000, 0x000000068f700000, 0x000000068f800000|  0%| F|  |TAMS 0x000000068f700000, 0x000000068f700000| Untracked 
| 212|0x000000068f800000, 0x000000068f800000, 0x000000068f900000|  0%| F|  |TAMS 0x000000068f800000, 0x000000068f800000| Untracked 
| 213|0x000000068f900000, 0x000000068f900000, 0x000000068fa00000|  0%| F|  |TAMS 0x000000068f900000, 0x000000068f900000| Untracked 
| 214|0x000000068fa00000, 0x000000068fa00000, 0x000000068fb00000|  0%| F|  |TAMS 0x000000068fa00000, 0x000000068fa00000| Untracked 
| 215|0x000000068fb00000, 0x000000068fb00000, 0x000000068fc00000|  0%| F|  |TAMS 0x000000068fb00000, 0x000000068fb00000| Untracked 
| 216|0x000000068fc00000, 0x000000068fc00000, 0x000000068fd00000|  0%| F|  |TAMS 0x000000068fc00000, 0x000000068fc00000| Untracked 
| 217|0x000000068fd00000, 0x000000068fd00000, 0x000000068fe00000|  0%| F|  |TAMS 0x000000068fd00000, 0x000000068fd00000| Untracked 
| 218|0x000000068fe00000, 0x000000068fe00000, 0x000000068ff00000|  0%| F|  |TAMS 0x000000068fe00000, 0x000000068fe00000| Untracked 
| 219|0x000000068ff00000, 0x000000068ff00000, 0x0000000690000000|  0%| F|  |TAMS 0x000000068ff00000, 0x000000068ff00000| Untracked 
| 220|0x0000000690000000, 0x0000000690000000, 0x0000000690100000|  0%| F|  |TAMS 0x0000000690000000, 0x0000000690000000| Untracked 
| 221|0x0000000690100000, 0x0000000690100000, 0x0000000690200000|  0%| F|  |TAMS 0x0000000690100000, 0x0000000690100000| Untracked 
| 222|0x0000000690200000, 0x0000000690200000, 0x0000000690300000|  0%| F|  |TAMS 0x0000000690200000, 0x0000000690200000| Untracked 
| 223|0x0000000690300000, 0x0000000690300000, 0x0000000690400000|  0%| F|  |TAMS 0x0000000690300000, 0x0000000690300000| Untracked 
| 224|0x0000000690400000, 0x0000000690400000, 0x0000000690500000|  0%| F|  |TAMS 0x0000000690400000, 0x0000000690400000| Untracked 
| 225|0x0000000690500000, 0x0000000690500000, 0x0000000690600000|  0%| F|  |TAMS 0x0000000690500000, 0x0000000690500000| Untracked 
| 226|0x0000000690600000, 0x0000000690600000, 0x0000000690700000|  0%| F|  |TAMS 0x0000000690600000, 0x0000000690600000| Untracked 
| 227|0x0000000690700000, 0x0000000690700000, 0x0000000690800000|  0%| F|  |TAMS 0x0000000690700000, 0x0000000690700000| Untracked 
| 228|0x0000000690800000, 0x0000000690800000, 0x0000000690900000|  0%| F|  |TAMS 0x0000000690800000, 0x0000000690800000| Untracked 
| 229|0x0000000690900000, 0x0000000690900000, 0x0000000690a00000|  0%| F|  |TAMS 0x0000000690900000, 0x0000000690900000| Untracked 
| 230|0x0000000690a00000, 0x0000000690a00000, 0x0000000690b00000|  0%| F|  |TAMS 0x0000000690a00000, 0x0000000690a00000| Untracked 
| 231|0x0000000690b00000, 0x0000000690b00000, 0x0000000690c00000|  0%| F|  |TAMS 0x0000000690b00000, 0x0000000690b00000| Untracked 
| 232|0x0000000690c00000, 0x0000000690c00000, 0x0000000690d00000|  0%| F|  |TAMS 0x0000000690c00000, 0x0000000690c00000| Untracked 
| 233|0x0000000690d00000, 0x0000000690d00000, 0x0000000690e00000|  0%| F|  |TAMS 0x0000000690d00000, 0x0000000690d00000| Untracked 
| 234|0x0000000690e00000, 0x0000000690e00000, 0x0000000690f00000|  0%| F|  |TAMS 0x0000000690e00000, 0x0000000690e00000| Untracked 
| 235|0x0000000690f00000, 0x0000000690f00000, 0x0000000691000000|  0%| F|  |TAMS 0x0000000690f00000, 0x0000000690f00000| Untracked 
| 236|0x0000000691000000, 0x0000000691000000, 0x0000000691100000|  0%| F|  |TAMS 0x0000000691000000, 0x0000000691000000| Untracked 
| 237|0x0000000691100000, 0x0000000691100000, 0x0000000691200000|  0%| F|  |TAMS 0x0000000691100000, 0x0000000691100000| Untracked 
| 238|0x0000000691200000, 0x0000000691200000, 0x0000000691300000|  0%| F|  |TAMS 0x0000000691200000, 0x0000000691200000| Untracked 
| 239|0x0000000691300000, 0x0000000691300000, 0x0000000691400000|  0%| F|  |TAMS 0x0000000691300000, 0x0000000691300000| Untracked 
| 240|0x0000000691400000, 0x0000000691400000, 0x0000000691500000|  0%| F|  |TAMS 0x0000000691400000, 0x0000000691400000| Untracked 
| 241|0x0000000691500000, 0x0000000691500000, 0x0000000691600000|  0%| F|  |TAMS 0x0000000691500000, 0x0000000691500000| Untracked 
| 242|0x0000000691600000, 0x0000000691600000, 0x0000000691700000|  0%| F|  |TAMS 0x0000000691600000, 0x0000000691600000| Untracked 
| 243|0x0000000691700000, 0x0000000691700000, 0x0000000691800000|  0%| F|  |TAMS 0x0000000691700000, 0x0000000691700000| Untracked 
| 244|0x0000000691800000, 0x0000000691800000, 0x0000000691900000|  0%| F|  |TAMS 0x0000000691800000, 0x0000000691800000| Untracked 
| 245|0x0000000691900000, 0x0000000691900000, 0x0000000691a00000|  0%| F|  |TAMS 0x0000000691900000, 0x0000000691900000| Untracked 
| 246|0x0000000691a00000, 0x0000000691a00000, 0x0000000691b00000|  0%| F|  |TAMS 0x0000000691a00000, 0x0000000691a00000| Untracked 
| 247|0x0000000691b00000, 0x0000000691b00000, 0x0000000691c00000|  0%| F|  |TAMS 0x0000000691b00000, 0x0000000691b00000| Untracked 
| 248|0x0000000691c00000, 0x0000000691c00000, 0x0000000691d00000|  0%| F|  |TAMS 0x0000000691c00000, 0x0000000691c00000| Untracked 
| 249|0x0000000691d00000, 0x0000000691d00000, 0x0000000691e00000|  0%| F|  |TAMS 0x0000000691d00000, 0x0000000691d00000| Untracked 
| 250|0x0000000691e00000, 0x0000000691e00000, 0x0000000691f00000|  0%| F|  |TAMS 0x0000000691e00000, 0x0000000691e00000| Untracked 
| 251|0x0000000691f00000, 0x0000000691f00000, 0x0000000692000000|  0%| F|  |TAMS 0x0000000691f00000, 0x0000000691f00000| Untracked 
| 252|0x0000000692000000, 0x0000000692000000, 0x0000000692100000|  0%| F|  |TAMS 0x0000000692000000, 0x0000000692000000| Untracked 
| 253|0x0000000692100000, 0x0000000692100000, 0x0000000692200000|  0%| F|  |TAMS 0x0000000692100000, 0x0000000692100000| Untracked 
| 254|0x0000000692200000, 0x0000000692200000, 0x0000000692300000|  0%| F|  |TAMS 0x0000000692200000, 0x0000000692200000| Untracked 
| 255|0x0000000692300000, 0x0000000692300000, 0x0000000692400000|  0%| F|  |TAMS 0x0000000692300000, 0x0000000692300000| Untracked 
| 256|0x0000000692400000, 0x0000000692400000, 0x0000000692500000|  0%| F|  |TAMS 0x0000000692400000, 0x0000000692400000| Untracked 
| 257|0x0000000692500000, 0x0000000692500000, 0x0000000692600000|  0%| F|  |TAMS 0x0000000692500000, 0x0000000692500000| Untracked 
| 258|0x0000000692600000, 0x0000000692600000, 0x0000000692700000|  0%| F|  |TAMS 0x0000000692600000, 0x0000000692600000| Untracked 
| 259|0x0000000692700000, 0x0000000692700000, 0x0000000692800000|  0%| F|  |TAMS 0x0000000692700000, 0x0000000692700000| Untracked 
| 260|0x0000000692800000, 0x0000000692800000, 0x0000000692900000|  0%| F|  |TAMS 0x0000000692800000, 0x0000000692800000| Untracked 
| 261|0x0000000692900000, 0x0000000692900000, 0x0000000692a00000|  0%| F|  |TAMS 0x0000000692900000, 0x0000000692900000| Untracked 
| 262|0x0000000692a00000, 0x0000000692a00000, 0x0000000692b00000|  0%| F|  |TAMS 0x0000000692a00000, 0x0000000692a00000| Untracked 
| 263|0x0000000692b00000, 0x0000000692b00000, 0x0000000692c00000|  0%| F|  |TAMS 0x0000000692b00000, 0x0000000692b00000| Untracked 
| 264|0x0000000692c00000, 0x0000000692c00000, 0x0000000692d00000|  0%| F|  |TAMS 0x0000000692c00000, 0x0000000692c00000| Untracked 
| 265|0x0000000692d00000, 0x0000000692d00000, 0x0000000692e00000|  0%| F|  |TAMS 0x0000000692d00000, 0x0000000692d00000| Untracked 
| 266|0x0000000692e00000, 0x0000000692e00000, 0x0000000692f00000|  0%| F|  |TAMS 0x0000000692e00000, 0x0000000692e00000| Untracked 
| 267|0x0000000692f00000, 0x0000000692f00000, 0x0000000693000000|  0%| F|  |TAMS 0x0000000692f00000, 0x0000000692f00000| Untracked 
| 268|0x0000000693000000, 0x0000000693000000, 0x0000000693100000|  0%| F|  |TAMS 0x0000000693000000, 0x0000000693000000| Untracked 
| 269|0x0000000693100000, 0x0000000693100000, 0x0000000693200000|  0%| F|  |TAMS 0x0000000693100000, 0x0000000693100000| Untracked 
| 270|0x0000000693200000, 0x0000000693200000, 0x0000000693300000|  0%| F|  |TAMS 0x0000000693200000, 0x0000000693200000| Untracked 
| 271|0x0000000693300000, 0x0000000693300000, 0x0000000693400000|  0%| F|  |TAMS 0x0000000693300000, 0x0000000693300000| Untracked 
| 272|0x0000000693400000, 0x0000000693400000, 0x0000000693500000|  0%| F|  |TAMS 0x0000000693400000, 0x0000000693400000| Untracked 
| 273|0x0000000693500000, 0x0000000693500000, 0x0000000693600000|  0%| F|  |TAMS 0x0000000693500000, 0x0000000693500000| Untracked 
| 274|0x0000000693600000, 0x0000000693600000, 0x0000000693700000|  0%| F|  |TAMS 0x0000000693600000, 0x0000000693600000| Untracked 
| 275|0x0000000693700000, 0x0000000693700000, 0x0000000693800000|  0%| F|  |TAMS 0x0000000693700000, 0x0000000693700000| Untracked 
| 276|0x0000000693800000, 0x0000000693800000, 0x0000000693900000|  0%| F|  |TAMS 0x0000000693800000, 0x0000000693800000| Untracked 
| 277|0x0000000693900000, 0x0000000693900000, 0x0000000693a00000|  0%| F|  |TAMS 0x0000000693900000, 0x0000000693900000| Untracked 
| 278|0x0000000693a00000, 0x0000000693a00000, 0x0000000693b00000|  0%| F|  |TAMS 0x0000000693a00000, 0x0000000693a00000| Untracked 
| 279|0x0000000693b00000, 0x0000000693b00000, 0x0000000693c00000|  0%| F|  |TAMS 0x0000000693b00000, 0x0000000693b00000| Untracked 
| 280|0x0000000693c00000, 0x0000000693c00000, 0x0000000693d00000|  0%| F|  |TAMS 0x0000000693c00000, 0x0000000693c00000| Untracked 
| 281|0x0000000693d00000, 0x0000000693d00000, 0x0000000693e00000|  0%| F|  |TAMS 0x0000000693d00000, 0x0000000693d00000| Untracked 
| 282|0x0000000693e00000, 0x0000000693e00000, 0x0000000693f00000|  0%| F|  |TAMS 0x0000000693e00000, 0x0000000693e00000| Untracked 
| 283|0x0000000693f00000, 0x0000000693f00000, 0x0000000694000000|  0%| F|  |TAMS 0x0000000693f00000, 0x0000000693f00000| Untracked 
| 284|0x0000000694000000, 0x0000000694000000, 0x0000000694100000|  0%| F|  |TAMS 0x0000000694000000, 0x0000000694000000| Untracked 
| 285|0x0000000694100000, 0x0000000694100000, 0x0000000694200000|  0%| F|  |TAMS 0x0000000694100000, 0x0000000694100000| Untracked 
| 286|0x0000000694200000, 0x0000000694200000, 0x0000000694300000|  0%| F|  |TAMS 0x0000000694200000, 0x0000000694200000| Untracked 
| 287|0x0000000694300000, 0x0000000694300000, 0x0000000694400000|  0%| F|  |TAMS 0x0000000694300000, 0x0000000694300000| Untracked 
| 288|0x0000000694400000, 0x0000000694400000, 0x0000000694500000|  0%| F|  |TAMS 0x0000000694400000, 0x0000000694400000| Untracked 
| 289|0x0000000694500000, 0x0000000694500000, 0x0000000694600000|  0%| F|  |TAMS 0x0000000694500000, 0x0000000694500000| Untracked 
| 290|0x0000000694600000, 0x0000000694600000, 0x0000000694700000|  0%| F|  |TAMS 0x0000000694600000, 0x0000000694600000| Untracked 
| 291|0x0000000694700000, 0x0000000694700000, 0x0000000694800000|  0%| F|  |TAMS 0x0000000694700000, 0x0000000694700000| Untracked 
| 292|0x0000000694800000, 0x0000000694800000, 0x0000000694900000|  0%| F|  |TAMS 0x0000000694800000, 0x0000000694800000| Untracked 
| 293|0x0000000694900000, 0x0000000694900000, 0x0000000694a00000|  0%| F|  |TAMS 0x0000000694900000, 0x0000000694900000| Untracked 
| 294|0x0000000694a00000, 0x0000000694a00000, 0x0000000694b00000|  0%| F|  |TAMS 0x0000000694a00000, 0x0000000694a00000| Untracked 
| 295|0x0000000694b00000, 0x0000000694b00000, 0x0000000694c00000|  0%| F|  |TAMS 0x0000000694b00000, 0x0000000694b00000| Untracked 
| 296|0x0000000694c00000, 0x0000000694c00000, 0x0000000694d00000|  0%| F|  |TAMS 0x0000000694c00000, 0x0000000694c00000| Untracked 
| 297|0x0000000694d00000, 0x0000000694d00000, 0x0000000694e00000|  0%| F|  |TAMS 0x0000000694d00000, 0x0000000694d00000| Untracked 
| 298|0x0000000694e00000, 0x0000000694e00000, 0x0000000694f00000|  0%| F|  |TAMS 0x0000000694e00000, 0x0000000694e00000| Untracked 
| 299|0x0000000694f00000, 0x0000000694f00000, 0x0000000695000000|  0%| F|  |TAMS 0x0000000694f00000, 0x0000000694f00000| Untracked 
| 300|0x0000000695000000, 0x0000000695000000, 0x0000000695100000|  0%| F|  |TAMS 0x0000000695000000, 0x0000000695000000| Untracked 
| 301|0x0000000695100000, 0x0000000695100000, 0x0000000695200000|  0%| F|  |TAMS 0x0000000695100000, 0x0000000695100000| Untracked 
| 302|0x0000000695200000, 0x0000000695200000, 0x0000000695300000|  0%| F|  |TAMS 0x0000000695200000, 0x0000000695200000| Untracked 
| 303|0x0000000695300000, 0x0000000695300000, 0x0000000695400000|  0%| F|  |TAMS 0x0000000695300000, 0x0000000695300000| Untracked 
| 304|0x0000000695400000, 0x0000000695400000, 0x0000000695500000|  0%| F|  |TAMS 0x0000000695400000, 0x0000000695400000| Untracked 
| 305|0x0000000695500000, 0x0000000695500000, 0x0000000695600000|  0%| F|  |TAMS 0x0000000695500000, 0x0000000695500000| Untracked 
| 306|0x0000000695600000, 0x0000000695600000, 0x0000000695700000|  0%| F|  |TAMS 0x0000000695600000, 0x0000000695600000| Untracked 
| 307|0x0000000695700000, 0x0000000695700000, 0x0000000695800000|  0%| F|  |TAMS 0x0000000695700000, 0x0000000695700000| Untracked 
| 308|0x0000000695800000, 0x0000000695800000, 0x0000000695900000|  0%| F|  |TAMS 0x0000000695800000, 0x0000000695800000| Untracked 
| 309|0x0000000695900000, 0x0000000695900000, 0x0000000695a00000|  0%| F|  |TAMS 0x0000000695900000, 0x0000000695900000| Untracked 
| 310|0x0000000695a00000, 0x0000000695a00000, 0x0000000695b00000|  0%| F|  |TAMS 0x0000000695a00000, 0x0000000695a00000| Untracked 
| 311|0x0000000695b00000, 0x0000000695b00000, 0x0000000695c00000|  0%| F|  |TAMS 0x0000000695b00000, 0x0000000695b00000| Untracked 
| 312|0x0000000695c00000, 0x0000000695c00000, 0x0000000695d00000|  0%| F|  |TAMS 0x0000000695c00000, 0x0000000695c00000| Untracked 
| 313|0x0000000695d00000, 0x0000000695d00000, 0x0000000695e00000|  0%| F|  |TAMS 0x0000000695d00000, 0x0000000695d00000| Untracked 
| 314|0x0000000695e00000, 0x0000000695e00000, 0x0000000695f00000|  0%| F|  |TAMS 0x0000000695e00000, 0x0000000695e00000| Untracked 
| 315|0x0000000695f00000, 0x0000000695f00000, 0x0000000696000000|  0%| F|  |TAMS 0x0000000695f00000, 0x0000000695f00000| Untracked 
| 316|0x0000000696000000, 0x0000000696000000, 0x0000000696100000|  0%| F|  |TAMS 0x0000000696000000, 0x0000000696000000| Untracked 
| 317|0x0000000696100000, 0x0000000696100000, 0x0000000696200000|  0%| F|  |TAMS 0x0000000696100000, 0x0000000696100000| Untracked 
| 318|0x0000000696200000, 0x0000000696200000, 0x0000000696300000|  0%| F|  |TAMS 0x0000000696200000, 0x0000000696200000| Untracked 
| 319|0x0000000696300000, 0x0000000696300000, 0x0000000696400000|  0%| F|  |TAMS 0x0000000696300000, 0x0000000696300000| Untracked 
| 320|0x0000000696400000, 0x0000000696400000, 0x0000000696500000|  0%| F|  |TAMS 0x0000000696400000, 0x0000000696400000| Untracked 
| 321|0x0000000696500000, 0x0000000696500000, 0x0000000696600000|  0%| F|  |TAMS 0x0000000696500000, 0x0000000696500000| Untracked 
| 322|0x0000000696600000, 0x0000000696600000, 0x0000000696700000|  0%| F|  |TAMS 0x0000000696600000, 0x0000000696600000| Untracked 
| 323|0x0000000696700000, 0x0000000696700000, 0x0000000696800000|  0%| F|  |TAMS 0x0000000696700000, 0x0000000696700000| Untracked 
| 324|0x0000000696800000, 0x0000000696800000, 0x0000000696900000|  0%| F|  |TAMS 0x0000000696800000, 0x0000000696800000| Untracked 
| 325|0x0000000696900000, 0x0000000696900000, 0x0000000696a00000|  0%| F|  |TAMS 0x0000000696900000, 0x0000000696900000| Untracked 
| 326|0x0000000696a00000, 0x0000000696a00000, 0x0000000696b00000|  0%| F|  |TAMS 0x0000000696a00000, 0x0000000696a00000| Untracked 
| 327|0x0000000696b00000, 0x0000000696b00000, 0x0000000696c00000|  0%| F|  |TAMS 0x0000000696b00000, 0x0000000696b00000| Untracked 
| 328|0x0000000696c00000, 0x0000000696c00000, 0x0000000696d00000|  0%| F|  |TAMS 0x0000000696c00000, 0x0000000696c00000| Untracked 
| 329|0x0000000696d00000, 0x0000000696d00000, 0x0000000696e00000|  0%| F|  |TAMS 0x0000000696d00000, 0x0000000696d00000| Untracked 
| 330|0x0000000696e00000, 0x0000000696e00000, 0x0000000696f00000|  0%| F|  |TAMS 0x0000000696e00000, 0x0000000696e00000| Untracked 
| 331|0x0000000696f00000, 0x0000000696f00000, 0x0000000697000000|  0%| F|  |TAMS 0x0000000696f00000, 0x0000000696f00000| Untracked 
| 332|0x0000000697000000, 0x0000000697000000, 0x0000000697100000|  0%| F|  |TAMS 0x0000000697000000, 0x0000000697000000| Untracked 
| 333|0x0000000697100000, 0x0000000697100000, 0x0000000697200000|  0%| F|  |TAMS 0x0000000697100000, 0x0000000697100000| Untracked 
| 334|0x0000000697200000, 0x0000000697200000, 0x0000000697300000|  0%| F|  |TAMS 0x0000000697200000, 0x0000000697200000| Untracked 
| 335|0x0000000697300000, 0x0000000697400000, 0x0000000697400000|100%| E|  |TAMS 0x0000000697300000, 0x0000000697300000| Complete 
| 336|0x0000000697400000, 0x0000000697500000, 0x0000000697500000|100%| E|CS|TAMS 0x0000000697400000, 0x0000000697400000| Complete 
| 337|0x0000000697500000, 0x0000000697600000, 0x0000000697600000|100%| E|CS|TAMS 0x0000000697500000, 0x0000000697500000| Complete 
| 338|0x0000000697600000, 0x0000000697700000, 0x0000000697700000|100%| E|CS|TAMS 0x0000000697600000, 0x0000000697600000| Complete 
| 339|0x0000000697700000, 0x0000000697800000, 0x0000000697800000|100%| E|CS|TAMS 0x0000000697700000, 0x0000000697700000| Complete 
| 340|0x0000000697800000, 0x0000000697900000, 0x0000000697900000|100%| E|CS|TAMS 0x0000000697800000, 0x0000000697800000| Complete 
| 341|0x0000000697900000, 0x0000000697a00000, 0x0000000697a00000|100%| E|CS|TAMS 0x0000000697900000, 0x0000000697900000| Complete 
| 342|0x0000000697a00000, 0x0000000697b00000, 0x0000000697b00000|100%| E|CS|TAMS 0x0000000697a00000, 0x0000000697a00000| Complete 
| 343|0x0000000697b00000, 0x0000000697c00000, 0x0000000697c00000|100%| E|CS|TAMS 0x0000000697b00000, 0x0000000697b00000| Complete 
| 344|0x0000000697c00000, 0x0000000697d00000, 0x0000000697d00000|100%| E|CS|TAMS 0x0000000697c00000, 0x0000000697c00000| Complete 
| 345|0x0000000697d00000, 0x0000000697e00000, 0x0000000697e00000|100%| E|CS|TAMS 0x0000000697d00000, 0x0000000697d00000| Complete 
| 346|0x0000000697e00000, 0x0000000697f00000, 0x0000000697f00000|100%| E|  |TAMS 0x0000000697e00000, 0x0000000697e00000| Complete 
| 347|0x0000000697f00000, 0x0000000698000000, 0x0000000698000000|100%| E|CS|TAMS 0x0000000697f00000, 0x0000000697f00000| Complete 
| 348|0x0000000698000000, 0x0000000698100000, 0x0000000698100000|100%| E|CS|TAMS 0x0000000698000000, 0x0000000698000000| Complete 
| 349|0x0000000698100000, 0x0000000698200000, 0x0000000698200000|100%| E|CS|TAMS 0x0000000698100000, 0x0000000698100000| Complete 
| 350|0x0000000698200000, 0x0000000698300000, 0x0000000698300000|100%| E|CS|TAMS 0x0000000698200000, 0x0000000698200000| Complete 
| 351|0x0000000698300000, 0x0000000698400000, 0x0000000698400000|100%| E|CS|TAMS 0x0000000698300000, 0x0000000698300000| Complete 
| 352|0x0000000698400000, 0x0000000698500000, 0x0000000698500000|100%| E|CS|TAMS 0x0000000698400000, 0x0000000698400000| Complete 
| 353|0x0000000698500000, 0x0000000698600000, 0x0000000698600000|100%| E|CS|TAMS 0x0000000698500000, 0x0000000698500000| Complete 
| 354|0x0000000698600000, 0x0000000698700000, 0x0000000698700000|100%| E|CS|TAMS 0x0000000698600000, 0x0000000698600000| Complete 
| 355|0x0000000698700000, 0x0000000698800000, 0x0000000698800000|100%| E|CS|TAMS 0x0000000698700000, 0x0000000698700000| Complete 
| 356|0x0000000698800000, 0x00000006988b8548, 0x0000000698900000| 72%| S|CS|TAMS 0x0000000698800000, 0x0000000698800000| Complete 
| 357|0x0000000698900000, 0x0000000698a00000, 0x0000000698a00000|100%| S|CS|TAMS 0x0000000698900000, 0x0000000698900000| Complete 
| 358|0x0000000698a00000, 0x0000000698b00000, 0x0000000698b00000|100%| S|CS|TAMS 0x0000000698a00000, 0x0000000698a00000| Complete 
| 359|0x0000000698b00000, 0x0000000698c00000, 0x0000000698c00000|100%| E|CS|TAMS 0x0000000698b00000, 0x0000000698b00000| Complete 
| 360|0x0000000698c00000, 0x0000000698d00000, 0x0000000698d00000|100%| E|CS|TAMS 0x0000000698c00000, 0x0000000698c00000| Complete 
| 361|0x0000000698d00000, 0x0000000698e00000, 0x0000000698e00000|100%| E|CS|TAMS 0x0000000698d00000, 0x0000000698d00000| Complete 
| 362|0x0000000698e00000, 0x0000000698f00000, 0x0000000698f00000|100%| E|CS|TAMS 0x0000000698e00000, 0x0000000698e00000| Complete 
| 363|0x0000000698f00000, 0x0000000699000000, 0x0000000699000000|100%| E|CS|TAMS 0x0000000698f00000, 0x0000000698f00000| Complete 
| 364|0x0000000699000000, 0x0000000699100000, 0x0000000699100000|100%| E|CS|TAMS 0x0000000699000000, 0x0000000699000000| Complete 
| 365|0x0000000699100000, 0x0000000699200000, 0x0000000699200000|100%| E|CS|TAMS 0x0000000699100000, 0x0000000699100000| Complete 
| 366|0x0000000699200000, 0x0000000699300000, 0x0000000699300000|100%| E|CS|TAMS 0x0000000699200000, 0x0000000699200000| Complete 
| 367|0x0000000699300000, 0x0000000699400000, 0x0000000699400000|100%| E|CS|TAMS 0x0000000699300000, 0x0000000699300000| Complete 
| 368|0x0000000699400000, 0x0000000699500000, 0x0000000699500000|100%| E|CS|TAMS 0x0000000699400000, 0x0000000699400000| Complete 
| 369|0x0000000699500000, 0x0000000699600000, 0x0000000699600000|100%| E|CS|TAMS 0x0000000699500000, 0x0000000699500000| Complete 
| 370|0x0000000699600000, 0x0000000699700000, 0x0000000699700000|100%| E|CS|TAMS 0x0000000699600000, 0x0000000699600000| Complete 
| 371|0x0000000699700000, 0x0000000699800000, 0x0000000699800000|100%| E|CS|TAMS 0x0000000699700000, 0x0000000699700000| Complete 
| 372|0x0000000699800000, 0x0000000699900000, 0x0000000699900000|100%| E|CS|TAMS 0x0000000699800000, 0x0000000699800000| Complete 
| 373|0x0000000699900000, 0x0000000699a00000, 0x0000000699a00000|100%| E|CS|TAMS 0x0000000699900000, 0x0000000699900000| Complete 
| 374|0x0000000699a00000, 0x0000000699b00000, 0x0000000699b00000|100%| E|CS|TAMS 0x0000000699a00000, 0x0000000699a00000| Complete 
| 375|0x0000000699b00000, 0x0000000699c00000, 0x0000000699c00000|100%| E|CS|TAMS 0x0000000699b00000, 0x0000000699b00000| Complete 
| 376|0x0000000699c00000, 0x0000000699d00000, 0x0000000699d00000|100%| E|CS|TAMS 0x0000000699c00000, 0x0000000699c00000| Complete 
| 377|0x0000000699d00000, 0x0000000699e00000, 0x0000000699e00000|100%| E|CS|TAMS 0x0000000699d00000, 0x0000000699d00000| Complete 
| 378|0x0000000699e00000, 0x0000000699f00000, 0x0000000699f00000|100%| E|CS|TAMS 0x0000000699e00000, 0x0000000699e00000| Complete 
| 379|0x0000000699f00000, 0x000000069a000000, 0x000000069a000000|100%| E|CS|TAMS 0x0000000699f00000, 0x0000000699f00000| Complete 
| 380|0x000000069a000000, 0x000000069a100000, 0x000000069a100000|100%| E|CS|TAMS 0x000000069a000000, 0x000000069a000000| Complete 
| 381|0x000000069a100000, 0x000000069a200000, 0x000000069a200000|100%| E|CS|TAMS 0x000000069a100000, 0x000000069a100000| Complete 

Card table byte_map: [0x0000022b20350000,0x0000022b20f40000] _byte_map_base: 0x0000022b1cf3e000

Marking Bits (Prev, Next): (CMBitMap*) 0x0000022b07b67970, (CMBitMap*) 0x0000022b07b67938
 Prev Bits: [0x0000022b27aa0000, 0x0000022b2da10000)
 Next Bits: [0x0000022b21b30000, 0x0000022b27aa0000)

Polling page: 0x0000022b05a80000

Metaspace:

Usage:
  Non-class:     21.97 MB capacity,    21.68 MB ( 99%) used,   257.88 KB (  1%) free+waste,    42.38 KB ( <1%) overhead. 
      Class:      2.61 MB capacity,     2.47 MB ( 95%) used,   127.66 KB (  5%) free+waste,    18.31 KB ( <1%) overhead. 
       Both:     24.58 MB capacity,    24.14 MB ( 98%) used,   385.54 KB (  2%) free+waste,    60.69 KB ( <1%) overhead. 

Virtual space:
  Non-class space:       24.00 MB reserved,      22.17 MB ( 92%) committed 
      Class space:        1.00 GB reserved,       2.70 MB ( <1%) committed 
             Both:        1.02 GB reserved,      24.87 MB (  2%) committed 

Chunk freelists:
   Non-Class:  15.00 KB
       Class:  16.00 KB
        Both:  31.00 KB

MaxMetaspaceSize: 17179869184.00 GB
CompressedClassSpaceSize: 1.00 GB
Initial GC threshold: 20.80 MB
Current GC threshold: 35.20 MB
CDS: off

CodeHeap 'non-profiled nmethods': size=120000Kb used=1046Kb max_used=1046Kb free=118953Kb
 bounds [0x0000022b17ce0000, 0x0000022b17f50000, 0x0000022b1f210000]
CodeHeap 'profiled nmethods': size=120000Kb used=5247Kb max_used=5247Kb free=114752Kb
 bounds [0x0000022b107b0000, 0x0000022b10cd0000, 0x0000022b17ce0000]
CodeHeap 'non-nmethods': size=5760Kb used=1204Kb max_used=1243Kb free=4555Kb
 bounds [0x0000022b10210000, 0x0000022b10480000, 0x0000022b107b0000]
 total_blobs=3113 nmethods=2638 adapters=387
 compilation: enabled
              stopped_count=0, restarted_count=0
 full_count=0

Compilation events (20 events):
Event: 7.703 Thread 0x0000022b311cd000 nmethod 2620 0x0000022b10ca6910 code [0x0000022b10ca6ac0, 0x0000022b10ca6bf8]
Event: 7.703 Thread 0x0000022b311cd000 2616       3       java.lang.reflect.Field::getFieldAccessor (35 bytes)
Event: 7.704 Thread 0x0000022b311cd000 nmethod 2616 0x0000022b10ca6d10 code [0x0000022b10ca6ee0, 0x0000022b10ca70c8]
Event: 7.704 Thread 0x0000022b311cd000 2617       3       jdk.internal.reflect.UnsafeFieldAccessorImpl::ensureObj (23 bytes)
Event: 7.705 Thread 0x0000022b311cd000 nmethod 2617 0x0000022b10ca7190 code [0x0000022b10ca73a0, 0x0000022b10ca7a78]
Event: 7.705 Thread 0x0000022b311cd000 2623       3       com.sun.org.apache.xerces.internal.impl.XMLNSDocumentScannerImpl::scanStartElement (1026 bytes)
Event: 7.707 Thread 0x0000022b32472000 nmethod 2611 0x0000022b17ddf290 code [0x0000022b17ddf460, 0x0000022b17ddf6d8]
Event: 7.707 Thread 0x0000022b32472000 2626 %     4       com.sun.org.apache.xerces.internal.impl.io.UTF8Reader::read @ 113 (1443 bytes)
Event: 7.718 Thread 0x0000022b311cd000 nmethod 2623 0x0000022b10ca7c90 code [0x0000022b10ca83c0, 0x0000022b10cada48]
Event: 7.718 Thread 0x0000022b311cd000 2627       3       com.sun.org.apache.xerces.internal.impl.XMLDocumentFragmentScannerImpl::getString (76 bytes)
Event: 7.719 Thread 0x0000022b311cd000 nmethod 2627 0x0000022b10caf210 code [0x0000022b10caf480, 0x0000022b10cb0268]
Event: 7.719 Thread 0x0000022b311cd000 2624       3       com.sun.org.apache.xerces.internal.util.NamespaceSupport::getDeclaredPrefixCount (17 bytes)
Event: 7.719 Thread 0x0000022b311cd000 nmethod 2624 0x0000022b10cb0710 code [0x0000022b10cb08c0, 0x0000022b10cb0a18]
Event: 7.719 Thread 0x0000022b311cd000 2631       3       java.util.regex.Pattern$BmpCharProperty::<init> (6 bytes)
Event: 7.720 Thread 0x0000022b311cd000 nmethod 2631 0x0000022b10cb0b10 code [0x0000022b10cb0ce0, 0x0000022b10cb0fd8]
Event: 7.720 Thread 0x0000022b311cd000 2630       3       com.sun.xml.bind.v2.runtime.unmarshaller.UnmarshallingContext$State::setLoader (35 bytes)
Event: 7.720 Thread 0x0000022b311c9000 nmethod 2622% 0x0000022b17ddf990 code [0x0000022b17ddfb20, 0x0000022b17ddfe98]
Event: 7.720 Thread 0x0000022b311c9000 2629       4       java.lang.AbstractStringBuilder::appendChars (130 bytes)
Event: 7.720 Thread 0x0000022b311cd000 nmethod 2630 0x0000022b10cb1110 code [0x0000022b10cb12e0, 0x0000022b10cb17d8]
Event: 7.720 Thread 0x0000022b311cd000 2634       3       com.sun.org.apache.xerces.internal.impl.XMLEntityScanner::skipString (122 bytes)

GC Heap History (6 events):
Event: 2.897 GC heap before
{Heap before GC invocations=0 (full 0):
 garbage-first heap   total 391168K, used 24576K [0x0000000682400000, 0x0000000800000000)
  region size 1024K, 24 young (24576K), 0 survivors (0K)
 Metaspace       used 16002K, capacity 16329K, committed 16512K, reserved 1064960K
  class space    used 1519K, capacity 1658K, committed 1664K, reserved 1048576K
}
Event: 2.937 GC heap after
{Heap after GC invocations=1 (full 0):
 garbage-first heap   total 391168K, used 4394K [0x0000000682400000, 0x0000000800000000)
  region size 1024K, 3 young (3072K), 3 survivors (3072K)
 Metaspace       used 16002K, capacity 16329K, committed 16512K, reserved 1064960K
  class space    used 1519K, capacity 1658K, committed 1664K, reserved 1048576K
}
Event: 6.350 GC heap before
{Heap before GC invocations=1 (full 0):
 garbage-first heap   total 391168K, used 14634K [0x0000000682400000, 0x0000000800000000)
  region size 1024K, 14 young (14336K), 3 survivors (3072K)
 Metaspace       used 20936K, capacity 21216K, committed 21296K, reserved 1069056K
  class space    used 2048K, capacity 2172K, committed 2176K, reserved 1048576K
}
Event: 6.360 GC heap after
{Heap after GC invocations=2 (full 0):
 garbage-first heap   total 391168K, used 6355K [0x0000000682400000, 0x0000000800000000)
  region size 1024K, 5 young (5120K), 5 survivors (5120K)
 Metaspace       used 20936K, capacity 21216K, committed 21296K, reserved 1069056K
  class space    used 2048K, capacity 2172K, committed 2176K, reserved 1048576K
}
Event: 7.058 GC heap before
{Heap before GC invocations=3 (full 0):
 garbage-first heap   total 391168K, used 24787K [0x0000000682400000, 0x0000000800000000)
  region size 1024K, 23 young (23552K), 5 survivors (5120K)
 Metaspace       used 23980K, capacity 24386K, committed 24572K, reserved 1071104K
  class space    used 2469K, capacity 2609K, committed 2636K, reserved 1048576K
}
Event: 7.129 GC heap after
{Heap after GC invocations=4 (full 0):
 garbage-first heap   total 391168K, used 8979K [0x0000000682400000, 0x0000000800000000)
  region size 1024K, 3 young (3072K), 3 survivors (3072K)
 Metaspace       used 23980K, capacity 24386K, committed 24572K, reserved 1071104K
  class space    used 2469K, capacity 2609K, committed 2636K, reserved 1048576K
}

Deoptimization events (20 events):
Event: 7.429 Thread 0x0000022b325c4000 DEOPT PACKING pc=0x0000022b10b64712 sp=0x000000ecca8fdc80
Event: 7.429 Thread 0x0000022b31944800 DEOPT PACKING pc=0x0000022b10b64947 sp=0x000000ecc9afdb40
Event: 7.429 Thread 0x0000022b325c4000 DEOPT UNPACKING pc=0x0000022b1025a95e sp=0x000000ecca8fd118 mode 0
Event: 7.429 Thread 0x0000022b31944800 DEOPT UNPACKING pc=0x0000022b1025a95e sp=0x000000ecc9afcfd8 mode 0
Event: 7.430 Thread 0x0000022b325c4000 DEOPT PACKING pc=0x0000022b10b64712 sp=0x000000ecca8fdb90
Event: 7.430 Thread 0x0000022b325c4000 DEOPT UNPACKING pc=0x0000022b1025a95e sp=0x000000ecca8fd028 mode 0
Event: 7.431 Thread 0x0000022b325eb800 DEOPT PACKING pc=0x0000022b10b64947 sp=0x000000ecc9cfe120
Event: 7.431 Thread 0x0000022b325eb800 DEOPT UNPACKING pc=0x0000022b1025a95e sp=0x000000ecc9cfd5b8 mode 0
Event: 7.461 Thread 0x0000022b325c2800 DEOPT PACKING pc=0x0000022b10c15d0b sp=0x000000ecca4fdb20
Event: 7.461 Thread 0x0000022b325c2800 DEOPT UNPACKING pc=0x0000022b1025a95e sp=0x000000ecca4fcfb8 mode 0
Event: 7.575 Thread 0x0000022b07ae0000 Uncommon trap: trap_request=0xffffff4d fr.pc=0x0000022b17d9aec0 relative=0x00000000000000a0
Event: 7.575 Thread 0x0000022b07ae0000 Uncommon trap: reason=unstable_if action=reinterpret pc=0x0000022b17d9aec0 method=com.sun.org.apache.xerces.internal.impl.XMLEntityScanner.peekChar()I @ 14 c2
Event: 7.575 Thread 0x0000022b07ae0000 DEOPT PACKING pc=0x0000022b17d9aec0 sp=0x000000ecc7afe3c0
Event: 7.575 Thread 0x0000022b07ae0000 DEOPT UNPACKING pc=0x0000022b1025a1af sp=0x000000ecc7afe348 mode 2
Event: 7.671 Thread 0x0000022b07ae0000 Uncommon trap: trap_request=0xffffff7e fr.pc=0x0000022b17da9668 relative=0x00000000000006e8
Event: 7.671 Thread 0x0000022b07ae0000 Uncommon trap: reason=predicate action=maybe_recompile pc=0x0000022b17da9668 method=java.util.TreeMap.getEntryUsingComparator(Ljava/lang/Object;)Ljava/util/TreeMap$Entry; @ 19 c2
Event: 7.671 Thread 0x0000022b07ae0000 DEOPT PACKING pc=0x0000022b17da9668 sp=0x000000ecc7afd050
Event: 7.672 Thread 0x0000022b07ae0000 DEOPT UNPACKING pc=0x0000022b1025a1af sp=0x000000ecc7afcfa0 mode 2
Event: 7.684 Thread 0x0000022b07ae0000 DEOPT PACKING pc=0x0000022b10bdefac sp=0x000000ecc7afe390
Event: 7.684 Thread 0x0000022b07ae0000 DEOPT UNPACKING pc=0x0000022b1025a95e sp=0x000000ecc7afd850 mode 0

Classes redefined (0 events):
No events

Internal exceptions (20 events):
Event: 2.030 Thread 0x0000022b07ae0000 Exception <a 'sun/nio/fs/WindowsException'{0x0000000698c89338}> (0x0000000698c89338) thrown at [./src/hotspot/share/prims/jni.cpp, line 616]
Event: 2.030 Thread 0x0000022b07ae0000 Exception <a 'sun/nio/fs/WindowsException'{0x0000000698c896e8}> (0x0000000698c896e8) thrown at [./src/hotspot/share/prims/jni.cpp, line 616]
Event: 2.030 Thread 0x0000022b07ae0000 Exception <a 'sun/nio/fs/WindowsException'{0x0000000698c89e50}> (0x0000000698c89e50) thrown at [./src/hotspot/share/prims/jni.cpp, line 616]
Event: 2.031 Thread 0x0000022b07ae0000 Exception <a 'sun/nio/fs/WindowsException'{0x0000000698c8a3c0}> (0x0000000698c8a3c0) thrown at [./src/hotspot/share/prims/jni.cpp, line 616]
Event: 2.720 Thread 0x0000022b07ae0000 Exception <a 'java/lang/NoSuchMethodError'{0x0000000698b1c8c8}: 'int java.lang.invoke.DirectMethodHandle$Holder.invokeSpecialIFC(java.lang.Object, java.lang.Object, int)'> (0x0000000698b1c8c8) thrown at [./src/hotspot/share/interpreter/linkResolver.cpp, line 773]
Event: 2.816 Thread 0x0000022b07ae0000 Exception <a 'java/lang/NoSuchMethodError'{0x0000000698a48310}: 'java.lang.Object java.lang.invoke.DirectMethodHandle$Holder.invokeStaticInit(java.lang.Object, int, int, int, int)'> (0x0000000698a48310) thrown at [./src/hotspot/share/interpreter/linkResolver.cpp, line 773]
Event: 2.818 Thread 0x0000022b07ae0000 Exception <a 'sun/nio/fs/WindowsException'{0x0000000698a4e908}> (0x0000000698a4e908) thrown at [./src/hotspot/share/prims/jni.cpp, line 616]
Event: 2.855 Thread 0x0000022b07ae0000 Exception <a 'java/lang/NoSuchMethodError'{0x0000000698a6d580}: 'int java.lang.invoke.DirectMethodHandle$Holder.invokeStaticInit(java.lang.Object, java.lang.Object, java.lang.Object, java.lang.Object)'> (0x0000000698a6d580) thrown at [./src/hotspot/share/interpreter/linkResolver.cpp, line 773]
Event: 2.856 Thread 0x0000022b07ae0000 Exception <a 'java/lang/IncompatibleClassChangeError'{0x0000000698a767f0}: Found class java.lang.Object, but interface was expected> (0x0000000698a767f0) thrown at [./src/hotspot/share/interpreter/linkResolver.cpp, line 839]
Event: 2.857 Thread 0x0000022b07ae0000 Exception <a 'java/lang/NoSuchMethodError'{0x0000000698a795a0}: 'void java.lang.invoke.DirectMethodHandle$Holder.invokeStaticInit(java.lang.Object, java.lang.Object)'> (0x0000000698a795a0) thrown at [./src/hotspot/share/interpreter/linkResolver.cpp, line 773]
Event: 2.858 Thread 0x0000022b07ae0000 Exception <a 'java/lang/NoSuchMethodError'{0x0000000698a7f0e0}: 'int java.lang.invoke.DirectMethodHandle$Holder.invokeStaticInit(java.lang.Object, java.lang.Object)'> (0x0000000698a7f0e0) thrown at [./src/hotspot/share/interpreter/linkResolver.cpp, line 773]
Event: 5.734 Thread 0x0000022b07ae0000 Exception <a 'java/lang/NoSuchMethodError'{0x0000000699a87900}: 'java.lang.Object java.lang.invoke.DirectMethodHandle$Holder.invokeStaticInit(java.lang.Object, java.lang.Object, int, int, int, int)'> (0x0000000699a87900) thrown at [./src/hotspot/share/interpreter/linkResolver.cpp, line 773]
Event: 6.622 Thread 0x0000022b07ae0000 Exception <a 'java/lang/NullPointerException'{0x0000000699c318b0}> (0x0000000699c318b0) thrown at [./src/hotspot/share/interpreter/linkResolver.cpp, line 1440]
Event: 6.689 Thread 0x0000022b07ae0000 Implicit null exception at 0x0000022b17d48078 to 0x0000022b17d4810a
Event: 6.888 Thread 0x0000022b07ae0000 Exception <a 'java/lang/NoSuchMethodError'{0x0000000698f11bc8}: 'int java.lang.invoke.DirectMethodHandle$Holder.invokeStatic(java.lang.Object, java.lang.Object, int, java.lang.Object)'> (0x0000000698f11bc8) thrown at [./src/hotspot/share/interpreter/linkResolver.cpp, line 773]
Event: 6.889 Thread 0x0000022b07ae0000 Exception <a 'java/lang/NoSuchMethodError'{0x0000000698f18738}: 'java.lang.Object java.lang.invoke.Invokers$Holder.linkToTargetMethod(java.lang.Object, int, java.lang.Object)'> (0x0000000698f18738) thrown at [./src/hotspot/share/interpreter/linkResolver.cpp, line 773]
Event: 6.926 Thread 0x0000022b07ae0000 Exception <a 'sun/nio/fs/WindowsException'{0x0000000698f7aef0}> (0x0000000698f7aef0) thrown at [./src/hotspot/share/prims/jni.cpp, line 616]
Event: 6.928 Thread 0x0000022b07ae0000 Exception <a 'java/lang/NoSuchMethodError'{0x0000000698f7bc28}: 'int java.lang.invoke.DirectMethodHandle$Holder.invokeInterface(java.lang.Object, java.lang.Object)'> (0x0000000698f7bc28) thrown at [./src/hotspot/share/interpreter/linkResolver.cpp, line 773]
Event: 6.932 Thread 0x0000022b07ae0000 Exception <a 'java/lang/NoSuchMethodError'{0x0000000698f854a0}: 'void java.lang.invoke.DirectMethodHandle$Holder.invokeStatic(java.lang.Object, int, java.lang.Object)'> (0x0000000698f854a0) thrown at [./src/hotspot/share/interpreter/linkResolver.cpp, line 773]
Event: 6.940 Thread 0x0000022b07ae0000 Exception <a 'java/lang/NoSuchMethodError'{0x0000000698f970c8}: 'java.lang.Object java.lang.invoke.Invokers$Holder.linkToTargetMethod(java.lang.Object, java.lang.Object, java.lang.Object, java.lang.Object, java.lang.Object, java.lang.Object)'> (0x0000000698f970c8) thrown at [./src/hotspot/share/interpreter/linkResolver.cpp, line 773]

Events (20 events):
Event: 7.674 loading class com/android/tools/analytics/Environment
Event: 7.674 loading class com/android/tools/analytics/Environment done
Event: 7.674 loading class com/android/tools/analytics/Environment$Companion
Event: 7.674 loading class com/android/tools/analytics/Environment$Companion done
Event: 7.675 loading class com/android/tools/analytics/Environment$Companion$SYSTEM$1
Event: 7.675 loading class com/android/tools/analytics/Environment$Companion$SYSTEM$1 done
Event: 7.675 loading class com/android/tools/analytics/Environment$SystemProperty
Event: 7.675 loading class com/android/tools/analytics/Environment$SystemProperty done
Event: 7.676 loading class com/google/wireless/android/sdk/stats/ProductDetails$CpuArchitecture
Event: 7.676 loading class com/google/wireless/android/sdk/stats/ProductDetails$CpuArchitecture done
Event: 7.677 loading class com/google/protobuf/ProtocolMessageEnum
Event: 7.677 loading class com/google/protobuf/ProtocolMessageEnum done
Event: 7.678 loading class com/google/protobuf/Internal$EnumLite
Event: 7.678 loading class com/google/protobuf/Internal$EnumLite done
Event: 7.681 loading class com/google/protobuf/Internal$EnumLiteMap
Event: 7.681 loading class com/google/protobuf/Internal$EnumLiteMap done
Event: 7.681 loading class com/google/wireless/android/sdk/stats/ProductDetails$CpuArchitecture$1
Event: 7.681 loading class com/google/wireless/android/sdk/stats/ProductDetails$CpuArchitecture$1 done
Event: 7.682 loading class com/android/repository/impl/meta/Archive$1
Event: 7.682 loading class com/android/repository/impl/meta/Archive$1 done


Dynamic libraries:
0x00007ff7ab270000 - 0x00007ff7ab27d000 	C:\Program Files\Unity\Hub\Editor\2021.3.45f1\Editor\Data\PlaybackEngines\AndroidPlayer\OpenJDK\bin\java.exe
0x00007ff83f490000 - 0x00007ff83f6a7000 	C:\Windows\SYSTEM32\ntdll.dll
0x00007ff83e440000 - 0x00007ff83e504000 	C:\Windows\System32\KERNEL32.DLL
0x00007ff83c5d0000 - 0x00007ff83c9a1000 	C:\Windows\System32\KERNELBASE.dll
0x00007ff83cde0000 - 0x00007ff83cef1000 	C:\Windows\System32\ucrtbase.dll
0x00007ff81ed30000 - 0x00007ff81ed47000 	C:\Program Files\Unity\Hub\Editor\2021.3.45f1\Editor\Data\PlaybackEngines\AndroidPlayer\OpenJDK\bin\jli.dll
0x00007ff83d300000 - 0x00007ff83d4b1000 	C:\Windows\System32\USER32.dll
0x00007ff8219a0000 - 0x00007ff821c32000 	C:\Windows\WinSxS\amd64_microsoft.windows.common-controls_6595b64144ccf1df_6.0.22621.4830_none_270fe7d773858e80\COMCTL32.dll
0x00007ff83cc40000 - 0x00007ff83cc66000 	C:\Windows\System32\win32u.dll
0x00007ff83e510000 - 0x00007ff83e5b7000 	C:\Windows\System32\msvcrt.dll
0x00007ff83e410000 - 0x00007ff83e439000 	C:\Windows\System32\GDI32.dll
0x00007ff83cf00000 - 0x00007ff83d01b000 	C:\Windows\System32\gdi32full.dll
0x00007ff83caf0000 - 0x00007ff83cb8a000 	C:\Windows\System32\msvcp_win.dll
0x00007ff81ebe0000 - 0x00007ff81ebf5000 	C:\Program Files\Unity\Hub\Editor\2021.3.45f1\Editor\Data\PlaybackEngines\AndroidPlayer\OpenJDK\bin\VCRUNTIME140.dll
0x00007ff83d690000 - 0x00007ff83d6c1000 	C:\Windows\System32\IMM32.DLL
0x00007fffe2390000 - 0x00007fffe242b000 	C:\Program Files\Unity\Hub\Editor\2021.3.45f1\Editor\Data\PlaybackEngines\AndroidPlayer\OpenJDK\bin\msvcp140.dll
0x00007fffa5cd0000 - 0x00007fffa6851000 	C:\Program Files\Unity\Hub\Editor\2021.3.45f1\Editor\Data\PlaybackEngines\AndroidPlayer\OpenJDK\bin\server\jvm.dll
0x00007ff83d930000 - 0x00007ff83d9e1000 	C:\Windows\System32\ADVAPI32.dll
0x00007ff83e5c0000 - 0x00007ff83e667000 	C:\Windows\System32\sechost.dll
0x00007ff83cc10000 - 0x00007ff83cc38000 	C:\Windows\System32\bcrypt.dll
0x00007ff83e690000 - 0x00007ff83e7a4000 	C:\Windows\System32\RPCRT4.dll
0x00007ff83d680000 - 0x00007ff83d688000 	C:\Windows\System32\PSAPI.DLL
0x00007ff80bf50000 - 0x00007ff80bf59000 	C:\Windows\SYSTEM32\WSOCK32.dll
0x00007ff83d850000 - 0x00007ff83d8c1000 	C:\Windows\System32\WS2_32.dll
0x00007ff835380000 - 0x00007ff8353b4000 	C:\Windows\SYSTEM32\WINMM.dll
0x00007ff830910000 - 0x00007ff83091a000 	C:\Windows\SYSTEM32\VERSION.dll
0x00007ff83b6d0000 - 0x00007ff83b6e8000 	C:\Windows\SYSTEM32\kernel.appcore.dll
0x00007ff821c70000 - 0x00007ff821c80000 	C:\Program Files\Unity\Hub\Editor\2021.3.45f1\Editor\Data\PlaybackEngines\AndroidPlayer\OpenJDK\bin\verify.dll
0x00007ff83a140000 - 0x00007ff83a372000 	C:\Windows\SYSTEM32\DBGHELP.DLL
0x00007ff83e080000 - 0x00007ff83e410000 	C:\Windows\System32\combase.dll
0x00007ff83e7b0000 - 0x00007ff83e887000 	C:\Windows\System32\OLEAUT32.dll
0x00007ff8283c0000 - 0x00007ff8283f2000 	C:\Windows\SYSTEM32\dbgcore.DLL
0x00007ff83cb90000 - 0x00007ff83cc0b000 	C:\Windows\System32\bcryptPrimitives.dll
0x00007ffffa080000 - 0x00007ffffa0a8000 	C:\Program Files\Unity\Hub\Editor\2021.3.45f1\Editor\Data\PlaybackEngines\AndroidPlayer\OpenJDK\bin\java.dll
0x00007ff815070000 - 0x00007ff81507a000 	C:\Program Files\Unity\Hub\Editor\2021.3.45f1\Editor\Data\PlaybackEngines\AndroidPlayer\OpenJDK\bin\jimage.dll
0x00007ff812e20000 - 0x00007ff812e38000 	C:\Program Files\Unity\Hub\Editor\2021.3.45f1\Editor\Data\PlaybackEngines\AndroidPlayer\OpenJDK\bin\zip.dll
0x00007ff83eb00000 - 0x00007ff83f388000 	C:\Windows\System32\SHELL32.dll
0x00007ff83c9b0000 - 0x00007ff83caef000 	C:\Windows\System32\wintypes.dll
0x00007ff83a380000 - 0x00007ff83ac8d000 	C:\Windows\SYSTEM32\windows.storage.dll
0x00007ff83d740000 - 0x00007ff83d84a000 	C:\Windows\System32\SHCORE.dll
0x00007ff83e9f0000 - 0x00007ff83ea4e000 	C:\Windows\System32\shlwapi.dll
0x00007ff83c500000 - 0x00007ff83c52b000 	C:\Windows\SYSTEM32\profapi.dll
0x00007ffffa910000 - 0x00007ffffa929000 	C:\Program Files\Unity\Hub\Editor\2021.3.45f1\Editor\Data\PlaybackEngines\AndroidPlayer\OpenJDK\bin\net.dll
0x00007ff8356a0000 - 0x00007ff8357cc000 	C:\Windows\SYSTEM32\WINHTTP.dll
0x00007ff83bb30000 - 0x00007ff83bb9a000 	C:\Windows\system32\mswsock.dll
0x00007ffff9070000 - 0x00007ffff9083000 	C:\Program Files\Unity\Hub\Editor\2021.3.45f1\Editor\Data\PlaybackEngines\AndroidPlayer\OpenJDK\bin\nio.dll
0x00007ff823a00000 - 0x00007ff823a0e000 	C:\Program Files\Unity\Hub\Editor\2021.3.45f1\Editor\Data\PlaybackEngines\AndroidPlayer\OpenJDK\bin\sunmscapi.dll
0x00007ff83cc70000 - 0x00007ff83cdd6000 	C:\Windows\System32\CRYPT32.dll
0x00007ff83bf90000 - 0x00007ff83bfbd000 	C:\Windows\SYSTEM32\ncrypt.dll
0x00007ff83bf50000 - 0x00007ff83bf87000 	C:\Windows\SYSTEM32\NTASN1.dll
0x00007ff804520000 - 0x00007ff804545000 	C:\Program Files\Unity\Hub\Editor\2021.3.45f1\Editor\Data\PlaybackEngines\AndroidPlayer\OpenJDK\bin\sunec.dll
0x00007ff83be80000 - 0x00007ff83be9b000 	C:\Windows\SYSTEM32\CRYPTSP.dll
0x00007ff83b630000 - 0x00007ff83b667000 	C:\Windows\system32\rsaenh.dll
0x00007ff83bbd0000 - 0x00007ff83bbf8000 	C:\Windows\SYSTEM32\USERENV.dll
0x00007ff83be60000 - 0x00007ff83be6c000 	C:\Windows\SYSTEM32\CRYPTBASE.dll
0x00007ff83b0d0000 - 0x00007ff83b0fd000 	C:\Windows\SYSTEM32\IPHLPAPI.DLL
0x00007ff83d670000 - 0x00007ff83d679000 	C:\Windows\System32\NSI.dll
0x00007ff835f50000 - 0x00007ff835f69000 	C:\Windows\SYSTEM32\dhcpcsvc6.DLL
0x00007ff835680000 - 0x00007ff83569f000 	C:\Windows\SYSTEM32\dhcpcsvc.DLL
0x00007ff83b140000 - 0x00007ff83b242000 	C:\Windows\SYSTEM32\DNSAPI.dll
0x00007ff830890000 - 0x00007ff83089a000 	C:\Windows\System32\rasadhlp.dll
0x00007ff8330a0000 - 0x00007ff833123000 	C:\Windows\System32\fwpuclnt.dll

dbghelp: loaded successfully - version: 4.0.5 - missing functions: none
symbol engine: initialized successfully - sym options: 0x614 - pdb path: .;C:\Program Files\Unity\Hub\Editor\2021.3.45f1\Editor\Data\PlaybackEngines\AndroidPlayer\OpenJDK\bin;C:\Windows\SYSTEM32;C:\Windows\WinSxS\amd64_microsoft.windows.common-controls_6595b64144ccf1df_6.0.22621.4830_none_270fe7d773858e80;C:\Program Files\Unity\Hub\Editor\2021.3.45f1\Editor\Data\PlaybackEngines\AndroidPlayer\OpenJDK\bin\server

VM Arguments:
jvm_args: -Dcom.android.sdklib.toolsdir=C:\Program Files\Unity\Hub\Editor\2021.3.45f1\Editor\Data\PlaybackEngines\AndroidPlayer\SDK\cmdline-tools\6.0\bin\\.. 
java_command: com.android.sdklib.tool.sdkmanager.SdkManagerCli --list
java_class_path (initial): C:\Program Files\Unity\Hub\Editor\2021.3.45f1\Editor\Data\PlaybackEngines\AndroidPlayer\SDK\cmdline-tools\6.0\bin\..\lib\sdkmanager-classpath.jar
Launcher Type: SUN_STANDARD

[Global flags]
     intx CICompilerCount                          = 4                                         {product} {ergonomic}
     uint ConcGCThreads                            = 3                                         {product} {ergonomic}
     uint G1ConcRefinementThreads                  = 10                                        {product} {ergonomic}
   size_t G1HeapRegionSize                         = 1048576                                   {product} {ergonomic}
    uintx GCDrainStackTargetSize                   = 64                                        {product} {ergonomic}
   size_t InitialHeapSize                          = 400556032                                 {product} {ergonomic}
   size_t MarkStackSize                            = 4194304                                   {product} {ergonomic}
   size_t MaxHeapSize                              = 6404702208                                {product} {ergonomic}
   size_t MaxNewSize                               = 3841982464                                {product} {ergonomic}
   size_t MinHeapDeltaBytes                        = 1048576                                   {product} {ergonomic}
    uintx NonNMethodCodeHeapSize                   = 5836300                                {pd product} {ergonomic}
    uintx NonProfiledCodeHeapSize                  = 122910970                              {pd product} {ergonomic}
    uintx ProfiledCodeHeapSize                     = 122910970                              {pd product} {ergonomic}
    uintx ReservedCodeCacheSize                    = 251658240                              {pd product} {ergonomic}
     bool SegmentedCodeCache                       = true                                      {product} {ergonomic}
     bool UseCompressedClassPointers               = true                                 {lp64_product} {ergonomic}
     bool UseCompressedOops                        = true                                 {lp64_product} {ergonomic}
     bool UseG1GC                                  = true                                      {product} {ergonomic}
     bool UseLargePagesIndividualAllocation        = false                                  {pd product} {ergonomic}

Logging:
Log output configuration:
 #0: stdout all=warning uptime,level,tags
 #1: stderr all=off uptime,level,tags

Environment Variables:
JAVA_HOME=C:\Program Files\Unity\Hub\Editor\2021.3.45f1\Editor\Data\PlaybackEngines\AndroidPlayer\OpenJDK
CLASSPATH=C:\Program Files\Unity\Hub\Editor\2021.3.45f1\Editor\Data\PlaybackEngines\AndroidPlayer\SDK\cmdline-tools\6.0\bin\..\lib\sdkmanager-classpath.jar
PATH=C:\Program Files (x86)\Intel\Intel(R) Management Engine Components\iCLS\;C:\Program Files\Intel\Intel(R) Management Engine Components\iCLS\;C:\Windows\system32;C:\Windows;C:\Windows\System32\Wbem;C:\Windows\System32\WindowsPowerShell\v1.0\;C:\Windows\System32\OpenSSH\;C:\Program Files (x86)\Intel\Intel(R) Management Engine Components\DAL;C:\Program Files\Intel\Intel(R) Management Engine Components\DAL;C:\Program Files (x86)\Intel\Intel(R) Management Engine Components\IPT;C:\Program Files\Intel\Intel(R) Management Engine Components\IPT;C:\Program Files (x86)\NVIDIA Corporation\PhysX\Common;C:\Program Files\dotnet\;C:\Program Files\Git\cmd;C:\Program Files (x86)\Windows Kits\10\Windows Performance Toolkit\;C:\Users\Roxana\AppData\Local\Programs\Python\Python311\Scripts\;C:\Users\Roxana\AppData\Local\Programs\Python\Python311\;C:\Users\Roxana\AppData\Local\Programs\Python\Python312\Scripts\;C:\Users\Roxana\AppData\Local\Programs\Python\Python312\;C:\Users\Roxana\AppData\Local\Programs\Python\Python313\Scripts\;C:\Users\Roxana\AppData\Local\Programs\Python\Python313\;C:\Users\Roxana\AppData\Local\Microsoft\WindowsApps;;C:\Users\Roxana\.lmstudio\bin;C:\Users\Roxana\AppData\Local\Programs\Microsoft VS Code\bin;C:\Users\Roxana\.dotnet\tools
USERNAME=Roxana
OS=Windows_NT
PROCESSOR_IDENTIFIER=Intel64 Family 6 Model 158 Stepping 10, GenuineIntel



---------------  S Y S T E M  ---------------

OS: Windows 11 , 64 bit Build 22621 (10.0.22621.4974)
OS uptime: 0 days 1:06 hours
Hyper-V role detected

CPU:total 12 (initial active 12) (6 cores per cpu, 2 threads per core) family 6 model 158 stepping 10 microcode 0xde, cmov, cx8, fxsr, mmx, sse, sse2, sse3, ssse3, sse4.1, sse4.2, popcnt, avx, avx2, aes, clmul, erms, 3dnowpref, lzcnt, ht, tsc, tscinvbit, bmi1, bmi2, adx, fma

Memory: 4k page, system-wide physical 24430M (4259M free)
TotalPageFile size 24430M (AvailPageFile size 12M)
current process WorkingSet (physical memory assigned to process): 150M, peak: 150M
current process commit charge ("private bytes"): 523M, peak: 523M

vm_info: OpenJDK 64-Bit Server VM (11.0.14.1+1) for windows-amd64 JRE (11.0.14.1+1), built on Feb  9 2022 01:48:27 by "" with unknown MS VC++:1916

END.
